[2015.12.12-21.03.48:284][  0]Log file open, 12/12/15 16:03:48
[2015.12.12-21.03.48:284][  0]LogInit:Display: Running engine for game: InconsistentJam_game
[2015.12.12-21.03.48:284][  0]LogPlatformFile: Not using cached read wrapper
[2015.12.12-21.03.48:284][  0]LogInit:Display: RandInit(-1542879767) SRandInit(-1542879766).
[2015.12.12-21.03.48:284][  0]LogTaskGraph: Started task graph with 4 named threads and 7 total threads.
[2015.12.12-21.03.48:284][  0]LogStats: Stats thread started at 0.072847
[2015.12.12-21.03.48:284][  0]LogInit:Warning: Incompatible or missing module: UE4Editor-InconsistentJam_game.dll
[2015.12.12-21.03.51:287][  0]Running C:/Program Files (x86)/Epic Games/4.10/Engine/Binaries/DotNET/UnrealBuildTool.exe InconsistentJam_game Development Win64 -project="C:/Users/Dom/Documents/GitRepositories/InconsistentJam/InconsistentJam_game/InconsistentJam_game.uproject" -rocket -editorrecompile -progress -noubtmakefiles -2015
[2015.12.12-21.03.54:288][  0]@progress push 5%
[2015.12.12-21.03.54:988][  0]@progress pop
[2015.12.12-21.03.54:988][  0]ERROR: Windows SDK v8.1 must be installed in order to build this target.
[2015.12.12-21.03.55:490][  0]LogInit:Warning: Still incompatible or missing module: UE4Editor-InconsistentJam_game.dll
[2015.12.12-21.03.56:292][  0]LogExit: Preparing to exit.
[2015.12.12-21.03.56:293][  0]LogModuleManager: Shutting down and abandoning module DesktopPlatform (15)
[2015.12.12-21.03.56:293][  0]LogModuleManager: Shutting down and abandoning module TextureCompressor (14)
[2015.12.12-21.03.56:293][  0]LogModuleManager: Shutting down and abandoning module ShaderCore (13)
[2015.12.12-21.03.56:293][  0]LogModuleManager: Shutting down and abandoning module Landscape (12)
[2015.12.12-21.03.56:293][  0]LogModuleManager: Shutting down and abandoning module SlateRHIRenderer (11)
[2015.12.12-21.03.56:293][  0]LogModuleManager: Shutting down and abandoning module OpenGLDrv (10)
[2015.12.12-21.03.56:293][  0]LogModuleManager: Shutting down and abandoning module D3D11RHI (9)
[2015.12.12-21.03.56:293][  0]LogModuleManager: Shutting down and abandoning module AnimGraphRuntime (8)
[2015.12.12-21.03.56:293][  0]LogModuleManager: Shutting down and abandoning module Renderer (7)
[2015.12.12-21.03.56:294][  0]LogModuleManager: Shutting down and abandoning module Engine (6)
[2015.12.12-21.03.56:294][  0]LogModuleManager: Shutting down and abandoning module CoreUObject (5)
[2015.12.12-21.03.56:294][  0]LogModuleManager: Shutting down and abandoning module NetworkFile (4)
[2015.12.12-21.03.56:294][  0]LogModuleManager: Shutting down and abandoning module StreamingFile (3)
[2015.12.12-21.03.56:294][  0]LogModuleManager: Shutting down and abandoning module SandboxFile (2)
[2015.12.12-21.03.56:294][  0]LogModuleManager: Shutting down and abandoning module PakFile (1)
[2015.12.12-21.03.56:294][  0]LogExit: Exiting.
[2015.12.12-21.03.56:295][  0]Log file closed, 12/12/15 16:03:56
