[2015.12.12-20.55.23:415][  0]Log file open, 12/12/15 15:55:23
[2015.12.12-20.55.23:415][  0]LogInit:Display: Running engine for game: InconsistentJam_game
[2015.12.12-20.55.23:415][  0]LogPlatformFile: Not using cached read wrapper
[2015.12.12-20.55.23:415][  0]LogInit:Display: RandInit(1473019127) SRandInit(1473019128).
[2015.12.12-20.55.23:415][  0]LogTaskGraph: Started task graph with 4 named threads and 7 total threads.
[2015.12.12-20.55.23:415][  0]LogStats: Stats thread started at 0.079760
[2015.12.12-20.55.23:415][  0]LogInit:Warning: Incompatible or missing module: UE4Editor-InconsistentJam_game.dll
[2015.12.12-20.55.27:850][  0]Running C:/Program Files (x86)/Epic Games/4.10/Engine/Binaries/DotNET/UnrealBuildTool.exe InconsistentJam_game Development Win64 -project="C:/Users/Dom/Documents/GitRepositories/InconsistentJam/InconsistentJam_game/InconsistentJam_game.uproject" -rocket -editorrecompile -progress -noubtmakefiles -2015
[2015.12.12-20.55.53:780][  0]@progress push 5%
[2015.12.12-20.55.54:780][  0]Parsing headers for InconsistentJam_gameEditor
[2015.12.12-20.55.54:780][  0]  Running UnrealHeaderTool "C:/Users/Dom/Documents/GitRepositories/InconsistentJam/InconsistentJam_game/InconsistentJam_game.uproject" "C:\Users\Dom\Documents\GitRepositories\InconsistentJam\InconsistentJam_game\Intermediate\Build\Win64\InconsistentJam_gameEditor\Development\UnrealHeaderTool.manifest" -LogCmds="loginit warning, logexit warning, logdatabase error" -rocket -installed
[2015.12.12-20.56.04:980][  0]Reflection code generated for InconsistentJam_gameEditor in 10.1319157 seconds
[2015.12.12-20.56.05:180][  0]@progress pop
[2015.12.12-20.56.05:180][  0]ERROR: Windows SDK v8.1 must be installed in order to build this target.
[2015.12.12-20.56.05:691][  0]LogInit:Warning: Still incompatible or missing module: UE4Editor-InconsistentJam_game.dll
[2015.12.12-20.56.55:520][  0]LogExit: Preparing to exit.
[2015.12.12-20.56.55:520][  0]LogModuleManager: Shutting down and abandoning module DesktopPlatform (15)
[2015.12.12-20.56.55:520][  0]LogModuleManager: Shutting down and abandoning module TextureCompressor (14)
[2015.12.12-20.56.55:521][  0]LogModuleManager: Shutting down and abandoning module ShaderCore (13)
[2015.12.12-20.56.55:521][  0]LogModuleManager: Shutting down and abandoning module Landscape (12)
[2015.12.12-20.56.55:521][  0]LogModuleManager: Shutting down and abandoning module SlateRHIRenderer (11)
[2015.12.12-20.56.55:521][  0]LogModuleManager: Shutting down and abandoning module OpenGLDrv (10)
[2015.12.12-20.56.55:521][  0]LogModuleManager: Shutting down and abandoning module D3D11RHI (9)
[2015.12.12-20.56.55:521][  0]LogModuleManager: Shutting down and abandoning module AnimGraphRuntime (8)
[2015.12.12-20.56.55:521][  0]LogModuleManager: Shutting down and abandoning module Renderer (7)
[2015.12.12-20.56.55:521][  0]LogModuleManager: Shutting down and abandoning module Engine (6)
[2015.12.12-20.56.55:521][  0]LogModuleManager: Shutting down and abandoning module CoreUObject (5)
[2015.12.12-20.56.55:521][  0]LogModuleManager: Shutting down and abandoning module NetworkFile (4)
[2015.12.12-20.56.55:521][  0]LogModuleManager: Shutting down and abandoning module StreamingFile (3)
[2015.12.12-20.56.55:521][  0]LogModuleManager: Shutting down and abandoning module SandboxFile (2)
[2015.12.12-20.56.55:521][  0]LogModuleManager: Shutting down and abandoning module PakFile (1)
[2015.12.12-20.56.55:521][  0]LogExit: Exiting.
[2015.12.12-20.56.55:522][  0]Log file closed, 12/12/15 15:56:55
