[2015.12.12-22.07.01:037][  0]Log file open, 12/12/15 17:07:01
[2015.12.12-22.07.01:037][  0]LogInit:Display: Running engine for game: InconsistentJam_game
[2015.12.12-22.07.01:037][  0]LogPlatformFile: Not using cached read wrapper
[2015.12.12-22.07.01:037][  0]LogInit:Display: RandInit(-524794617) SRandInit(-524794615).
[2015.12.12-22.07.01:037][  0]LogTaskGraph: Started task graph with 4 named threads and 7 total threads.
[2015.12.12-22.07.01:037][  0]LogStats: Stats thread started at 0.081116
[2015.12.12-22.07.01:037][  0]LogInit: Version: 4.10.1-2791327+++depot+UE4-Releases+4.10
[2015.12.12-22.07.01:037][  0]LogInit: API Version: 2758231
[2015.12.12-22.07.01:037][  0]LogInit: Compiled (64-bit): Dec  4 2015 19:44:40
[2015.12.12-22.07.01:037][  0]LogInit: Compiled with Visual C++: 19.00.23026.00
[2015.12.12-22.07.01:037][  0]LogInit: Build Configuration: Development
[2015.12.12-22.07.01:037][  0]LogInit: Branch Name: ++depot+UE4-Releases+4.10
[2015.12.12-22.07.01:037][  0]LogInit: Command line: 
[2015.12.12-22.07.01:037][  0]LogInit: Base directory: C:/Program Files (x86)/Epic Games/4.10/Engine/Binaries/Win64/
[2015.12.12-22.07.01:037][  0]LogInit: Rocket: 1
[2015.12.12-22.07.01:044][  0]LogInit: Using libcurl 7.41.0
[2015.12.12-22.07.01:044][  0]LogInit:  - built for x86_64-pc-win32
[2015.12.12-22.07.01:044][  0]LogInit:  - supports SSL with WinSSL
[2015.12.12-22.07.01:044][  0]LogInit:  - other features:
[2015.12.12-22.07.01:044][  0]LogInit:      CURL_VERSION_SSL
[2015.12.12-22.07.01:044][  0]LogInit:      CURL_VERSION_IPV6
[2015.12.12-22.07.01:044][  0]LogInit:      CURL_VERSION_ASYNCHDNS
[2015.12.12-22.07.01:044][  0]LogInit:      CURL_VERSION_LARGEFILE
[2015.12.12-22.07.01:044][  0]LogInit:      CURL_VERSION_IDN
[2015.12.12-22.07.01:044][  0]LogInit:  CurlRequestOptions (configurable via config and command line):
[2015.12.12-22.07.01:044][  0]LogInit:  - bVerifyPeer = true  - Libcurl will verify peer certificate
[2015.12.12-22.07.01:044][  0]LogInit:  - bUseHttpProxy = false  - Libcurl will NOT use HTTP proxy
[2015.12.12-22.07.01:044][  0]LogInit:  - bDontReuseConnections = false  - Libcurl will reuse connections
[2015.12.12-22.07.01:044][  0]LogInit:  - CertBundlePath = nullptr  - Libcurl will use whatever was configured at build time.
[2015.12.12-22.07.01:051][  0]LogInit: Presizing for 0 objects not considered by GC, pre-allocating 0 bytes.
[2015.12.12-22.07.01:059][  0]LogInit: Object subsystem initialized
[2015.12.12-22.07.01:060][  0]LogInit: Selected Device Profile: [Windows]
[2015.12.12-22.07.01:060][  0]LogInit: Applying CVar settings loaded from the selected device profile: [Windows]
[2015.12.12-22.07.01:068][  0]LogInit: Computer: DOM-PC
[2015.12.12-22.07.01:068][  0]LogInit: User: Dom
[2015.12.12-22.07.01:068][  0]LogInit: CPU Page size=4096, Cores=4
[2015.12.12-22.07.01:068][  0]LogInit: High frequency timer resolution =2.533359 MHz
[2015.12.12-22.07.01:068][  0]LogMemory: Memory total: Physical=15.9GB (16GB approx)
[2015.12.12-22.07.01:068][  0]LogMemory: Platform Memory Stats for Windows
[2015.12.12-22.07.01:068][  0]LogMemory: Process Physical Memory: 57.99 MB used, 57.99 MB peak
[2015.12.12-22.07.01:068][  0]LogMemory: Process Virtual Memory: 58.28 MB used, 58.28 MB peak
[2015.12.12-22.07.01:068][  0]LogMemory: Physical Memory: 7002.59 MB used, 16280.75 MB total
[2015.12.12-22.07.01:068][  0]LogMemory: Virtual Memory: 348.77 MB used, 8388608.00 MB total
[2015.12.12-22.07.01:106][  0]LogTextLocalizationManager: No specific translations for ('en-US') exist, so ('en') translations will be used.
[2015.12.12-22.07.01:623][  0]LogD3D11RHI: Found D3D11 adapter 0: NVIDIA GeForce GTX 680M (Feature Level 11_0)
[2015.12.12-22.07.01:623][  0]LogD3D11RHI: Adapter has 4027MB of dedicated video memory, 0MB of dedicated system memory, and 7884MB of shared system memory, 1 output[s]
[2015.12.12-22.07.01:641][  0]LogD3D11RHI: Found D3D11 adapter 1: NVIDIA GeForce GTX 680M (Feature Level 11_0)
[2015.12.12-22.07.01:641][  0]LogD3D11RHI: Adapter has 4027MB of dedicated video memory, 0MB of dedicated system memory, and 7884MB of shared system memory, 0 output[s]
[2015.12.12-22.07.01:641][  0]LogD3D11RHI: Chosen D3D11 Adapter Id = 0
[2015.12.12-22.07.01:648][  0]LogD3D11RHI: !Direct3DDevice
[2015.12.12-22.07.01:648][  0]LogRHI: Texture pool is 1361 MB (70% of 1945 MB)
[2015.12.12-22.07.01:661][  0]LogD3D11RHI: Async texture creation enabled
[2015.12.12-22.07.01:675][  0]LogShaderCompilers: Guid format shader working directory is -46 characters bigger than the processId version (../../../../../../Users/Dom/Documents/GitRepositories/InconsistentJam/InconsistentJam_game/Intermediate/Shaders/WorkingDirectory/7172/).
[2015.12.12-22.07.01:675][  0]LogShaderCompilers: Cleaned the shader compiler working directory 'C:/Users/Dom/AppData/Local/Temp/UnrealShaderWorkingDir/ED5D1143422C85657C938BAAE2684DC6/'.
[2015.12.12-22.07.01:675][  0]LogShaderCompilers:Display: Using Local Shader Compiler.
[2015.12.12-22.07.02:583][  0]LogTemp:Display: Loaded TP AllDesktopTargetPlatform
[2015.12.12-22.07.02:588][  0]LogTemp:Display: Loaded TP WindowsClientTargetPlatform
[2015.12.12-22.07.02:594][  0]LogTemp:Display: Loaded TP WindowsNoEditorTargetPlatform
[2015.12.12-22.07.02:600][  0]LogTemp:Display: Loaded TP WindowsServerTargetPlatform
[2015.12.12-22.07.02:605][  0]LogTemp:Display: Loaded TP WindowsTargetPlatform
[2015.12.12-22.07.02:609][  0]LogTemp:Display: Loaded TP AndroidTargetPlatform
[2015.12.12-22.07.02:612][  0]LogTemp:Display: Loaded TP Android_ASTCTargetPlatform
[2015.12.12-22.07.02:616][  0]LogTemp:Display: Loaded TP Android_ATCTargetPlatform
[2015.12.12-22.07.02:619][  0]LogTemp:Display: Loaded TP Android_DXTTargetPlatform
[2015.12.12-22.07.02:623][  0]LogTemp:Display: Loaded TP Android_ETC1TargetPlatform
[2015.12.12-22.07.02:628][  0]LogTemp:Display: Loaded TP Android_ETC2TargetPlatform
[2015.12.12-22.07.02:636][  0]LogTemp:Display: Loaded TP Android_MultiTargetPlatform
[2015.12.12-22.07.02:636][  0]LogTemp:Display: Loaded TP Android_PVRTCTargetPlatform
[2015.12.12-22.07.02:637][  0]LogTemp:Display: Loaded TP HTML5TargetPlatform
[2015.12.12-22.07.02:655][  0]LogTemp:Display: Loaded TP IOSTargetPlatform
[2015.12.12-22.07.02:659][  0]LogTemp:Display: Loaded TP LinuxNoEditorTargetPlatform
[2015.12.12-22.07.02:662][  0]LogTemp:Display: Loaded TP LinuxServerTargetPlatform
[2015.12.12-22.07.02:666][  0]LogTemp:Display: Loaded TP LinuxTargetPlatform
[2015.12.12-22.07.02:666][  0]LogTargetPlatformManager:Display: Building Assets For Windows
[2015.12.12-22.07.02:747][  0]LogDerivedDataCache:Display: Max Cache Size: 512 MB
[2015.12.12-22.07.02:809][  0]LogDerivedDataCache: Loaded boot cache 0.06s 41MB C:/Users/Dom/AppData/Local/UnrealEngine/4.10/DerivedDataCache/Boot.ddc.
[2015.12.12-22.07.02:809][  0]LogDerivedDataCache:Display: Loaded Boot cache: C:/Users/Dom/AppData/Local/UnrealEngine/4.10/DerivedDataCache/Boot.ddc
[2015.12.12-22.07.02:810][  0]LogDerivedDataCache: FDerivedDataBackendGraph:  Pak pak cache file ../../../../../../Users/Dom/Documents/GitRepositories/InconsistentJam/InconsistentJam_game/DerivedDataCache/DDC.ddp not found, will not use a pak cache.
[2015.12.12-22.07.02:810][  0]LogDerivedDataCache: Unable to find inner node Pak for hierarchical cache Hierarchy.
[2015.12.12-22.07.02:810][  0]LogDerivedDataCache: FDerivedDataBackendGraph:  CompressedPak pak cache file ../../../../../../Users/Dom/Documents/GitRepositories/InconsistentJam/InconsistentJam_game/DerivedDataCache/Compressed.ddp not found, will not use a pak cache.
[2015.12.12-22.07.02:810][  0]LogDerivedDataCache: Unable to find inner node CompressedPak for hierarchical cache Hierarchy.
[2015.12.12-22.07.02:883][  0]LogDerivedDataCache:Display: Pak cache opened for reading ../../../Engine/DerivedDataCache/Compressed.ddp.
[2015.12.12-22.07.02:894][  0]LogDerivedDataCache: Using Local data cache path C:/Users/Dom/AppData/Local/UnrealEngine/Common/DerivedDataCache: Writable
[2015.12.12-22.07.03:081][  0]LogInit: Selected Device Profile: [Windows]
[2015.12.12-22.07.03:082][  0]LogContentStreaming: Texture pool size is 0.000000MB
[2015.12.12-22.07.03:126][  0]LogMeshUtilities: No automatic mesh reduction module available
[2015.12.12-22.07.03:126][  0]LogMeshUtilities: No automatic mesh merging module available
[2015.12.12-22.07.03:482][  0]LogInit: WinSock: version 1.1 (2.2), MaxSocks=32767, MaxUdp=65467
[2015.12.12-22.07.04:202][  0]UdpMessaging: Initializing bridge on interface 0.0.0.0:0 to multicast group 230.0.0.1:6666.
[2015.12.12-22.07.04:304][  0]LogAssetRegistry: FAssetRegistry took 0.0107 seconds to start up
[2015.12.12-22.07.04:486][  0]SourceControl: Info Source control is disabled
[2015.12.12-22.07.04:505][  0]SourceControl: Info Source control is disabled
[2015.12.12-22.07.04:517][  0]SourceControl: Info Source control is disabled
[2015.12.12-22.07.04:528][  0]SourceControl: Info Source control is disabled
[2015.12.12-22.07.04:766][  0]LogObj: 28638 objects as part of root set at end of initial load.
[2015.12.12-22.07.04:766][  0]LogUObjectAllocator: 6102880 out of 0 bytes used by permanent object pool.
[2015.12.12-22.07.04:830][  0]LogEngine: Initializing Engine...
[2015.12.12-22.07.04:833][  0]LogHMD: Can't find Oculus library dev build: is proper Runtime installed? Version: 0.8.0.0
[2015.12.12-22.07.04:833][  0]LogHMD: SteamVR failed to initialize.  Err: 110
[2015.12.12-22.07.04:988][  0]LogAIModule: Creating AISystem for world NewWorld
[2015.12.12-22.07.04:994][  0]LogInit: XAudio2 using 'Speakers (High Definition Audio Device)' : 2 channels at 44.1 kHz using 16 bits per sample (channel mask 0x3)
[2015.12.12-22.07.05:014][  0]LogInit: FAudioDevice initialized.
[2015.12.12-22.07.05:036][  0]LogDerivedDataCache: Saved boot cache 0.02s 41MB C:/Users/Dom/AppData/Local/UnrealEngine/4.10/DerivedDataCache/Boot.ddc.
[2015.12.12-22.07.05:040][  0]LogInit: Texture streaming: Enabled
[2015.12.12-22.07.05:045][  0]LogAnalytics: Creating configured Analytics provider AnalyticsET
[2015.12.12-22.07.05:045][  0]LogAnalytics: [UEEditor.Rocket.Release] APIServer = http://et2.epicgames.com/ET2/. AppVersion = 4.10.1-2791327+++depot+UE4-Releases+4.10
[2015.12.12-22.07.05:045][  0]LogAnalytics: [UEEditor.Rocket.Release] SetUserId 18fe98e34229e4e8582c0aac50c21f88|9daa1ccd9a564c85ae487add62c2881a|aa3ef17f-b791-4a7b-8cda-596aa2123414
[2015.12.12-22.07.05:045][  0]LogAnalytics: [UEEditor.Rocket.Release] AnalyticsET::StartSession
[2015.12.12-22.07.05:064][  0]LogInit: Transaction tracking system initialized
[2015.12.12-22.07.05:091][  0]BlueprintLog: New page: Editor Load
[2015.12.12-22.07.05:166][  0]LocalizationService: Info Localization service is disabled
[2015.12.12-22.07.05:449][  0]LogConsoleResponse:Display: 
[2015.12.12-22.07.05:574][  0]LogCook:Display: Done creating registry. It took  0.00s.
[2015.12.12-22.07.05:632][  0]LogFileCache: Scanning file cache for directory 'C:/Users/Dom/Documents/GitRepositories/InconsistentJam/InconsistentJam_game/Content/' took 0.01s
[2015.12.12-22.07.05:632][  0]SourceControl: Info Source control is disabled
[2015.12.12-22.07.05:632][  0]Cmd: MAP LOAD FILE="../../../../../../Users/Dom/Documents/GitRepositories/InconsistentJam/InconsistentJam_game/Content/StarterContent/Maps/Minimal_Default.umap" TEMPLATE=0 SHOWPROGRESS=1 FEATURELEVEL=3
[2015.12.12-22.07.05:632][  0]LightingResults: New page: Lighting Build
[2015.12.12-22.07.05:636][  0]MapCheck: New page: Map Check
[2015.12.12-22.07.05:636][  0]LightingResults: New page: Lighting Build
[2015.12.12-22.07.05:648][  0]LogParticles: Destroying 0 GPU particle simulations for FXSystem 0x000000002352E160
[2015.12.12-22.07.06:108][  0]LogAIModule: Creating AISystem for world Minimal_Default
[2015.12.12-22.07.06:118][  0]LogEditorServer: Finished looking for orphan Actors (0.000 secs)
[2015.12.12-22.07.06:119][  0]Cmd: MAP CHECKDEP NOCLEARLOG
[2015.12.12-22.07.06:174][  0]MapCheck: Info Map check complete: 0 Error(s), 0 Warning(s), took 55.099ms to complete.
[2015.12.12-22.07.06:174][  0]LogFileHelpers: Loading map 'Minimal_Default' took 0.542
[2015.12.12-22.07.06:287][  0]LogCollectionManager: Loaded 0 collections in 0.003139 seconds
[2015.12.12-22.07.06:327][  0]LogFileCache: Scanning file cache for directory 'C:/Users/Dom/Documents/GitRepositories/InconsistentJam/InconsistentJam_game/Saved/Collections/' took 0.01s
[2015.12.12-22.07.06:327][  0]LogFileCache: Scanning file cache for directory 'C:/Users/Dom/Documents/GitRepositories/InconsistentJam/InconsistentJam_game/Content/Developers/Dom/Collections/' took 0.01s
[2015.12.12-22.07.06:327][  0]LogFileCache: Scanning file cache for directory 'C:/Users/Dom/Documents/GitRepositories/InconsistentJam/InconsistentJam_game/Content/Collections/' took 0.01s
[2015.12.12-22.07.06:327][  0]LogCollectionManager: Rebuilt the GUID cache for 0 collections in 0.000002 seconds
[2015.12.12-22.07.06:341][  0]LogContentBrowser: Native class hierarchy populated in 0.0139 seconds. Added 1894 classes and 341 folders.
[2015.12.12-22.07.06:352][  0]LogContentBrowser: Native class hierarchy updated for 'WidgetCarousel' in 0.0017 seconds. Added 0 classes and 0 folders.
[2015.12.12-22.07.06:398][  0]LogContentBrowser: Native class hierarchy updated for 'AddContentDialog' in 0.0019 seconds. Added 0 classes and 0 folders.
[2015.12.12-22.07.06:405][  0]LogContentBrowser: Native class hierarchy updated for 'SceneOutliner' in 0.0018 seconds. Added 1 classes and 2 folders.
[2015.12.12-22.07.06:430][  0]LogCrashTracker: Crashtracker disabled due to settings.
[2015.12.12-22.07.06:437][  0]LogUObjectGlobals:Warning: Failed to find object 'Class None.'
[2015.12.12-22.07.06:458][  0]LogLoad: Full Startup: 6.20 seconds (BP compile: 0.05 seconds)
[2015.12.12-22.07.06:478][  0]LogOcInput: Can't find Oculus library dev build: is proper Runtime installed? Version: 0.8.0.0
[2015.12.12-22.07.06:526][  0]LogContentStreaming: Texture pool size now 400 MB
[2015.12.12-22.07.06:729][  0]LogRenderer: Reallocating scene render targets to support 1208x656 (Frame:2).
[2015.12.12-22.07.07:166][  5]LogAssetRegistry: Asset discovery search completed in 2.8728 seconds
[2015.12.12-22.07.07:166][  5]LogCollectionManager: Rebuilt the object cache for 0 collections in 0.000001 seconds (found 0 objects)
[2015.12.12-22.07.07:166][  5]LogCollectionManager: Fixed up redirectors for 0 collections in 0.000031 seconds (updated 0 objects)
[2015.12.12-22.07.21:813][412]LogActorComponent: UnregisterComponent: (/Engine/Transient.MovementComponent0) Not registered. Aborting.
[2015.12.12-22.07.21:838][412]Cmd: MAP LOAD FILE="../../../../../../Users/Dom/Documents/GitRepositories/InconsistentJam/InconsistentJam_game/Content/imSoFrustratedRightNow.umap" TEMPLATE=0 SHOWPROGRESS=1 FEATURELEVEL=3
[2015.12.12-22.07.21:871][412]LightingResults: New page: Lighting Build
[2015.12.12-22.07.21:889][412]LoadErrors: New page: Loading map: imSoFrustratedRightNow.umap
[2015.12.12-22.07.21:890][412]MapCheck: New page: Map Check
[2015.12.12-22.07.21:890][412]LightingResults: New page: Lighting Build
[2015.12.12-22.07.21:902][412]LogParticles: Destroying 0 GPU particle simulations for FXSystem 0x00000000116704A0
[2015.12.12-22.07.21:930][412]LogAIModule: Creating AISystem for world imSoFrustratedRightNow
[2015.12.12-22.07.21:950][412]LogEditorServer: Finished looking for orphan Actors (0.000 secs)
[2015.12.12-22.07.21:984][412]Cmd: MAP CHECKDEP NOCLEARLOG
[2015.12.12-22.07.22:027][412]MapCheck: Info Map check complete: 0 Error(s), 0 Warning(s), took 42.153ms to complete.
[2015.12.12-22.07.22:027][412]LogFileHelpers: Loading map 'imSoFrustratedRightNow' took 0.190
[2015.12.12-22.07.25:944][537]LogEditorViewport: Clicking on Actor (LMB): FromScatchCharController_C (FromScatchCharController)
[2015.12.12-22.07.34:004][784]LogLinker:Warning: Asset '../../../Engine/Content/ArtTools/RenderToTexture/Macros/RenderToTextureMacros.uasset' has been saved with empty engine version. The asset will be loaded but may be incompatible.
[2015.12.12-22.07.34:518][784]LogContentBrowser: Native class hierarchy updated for 'BlueprintGraph' in 0.0021 seconds. Added 107 classes and 0 folders.
[2015.12.12-22.22.56:606][813]Running C:/Program Files (x86)/Epic Games/4.10/Engine/Binaries/DotNET/UnrealBuildTool.exe  -projectfiles -project="C:/Users/Dom/Documents/GitRepositories/InconsistentJam/InconsistentJam_game/InconsistentJam_game.uproject" -game -rocket -progress -2015
[2015.12.12-22.22.56:907][813]Discovering modules, targets and source code for game...
[2015.12.12-22.23.51:442][397]LogHotReload: New module detected: UE4Editor-InconsistentJam_game-3832.dll
[2015.12.12-22.23.52:119][400]LogHotReload: Starting Hot-Reload from IDE
[2015.12.12-22.23.52:148][400]LogActorComponent: UnregisterComponent: (/Engine/Transient.MovementComponent0) Not registered. Aborting.
[2015.12.12-22.23.52:172][400]LogParticles: Destroying 0 GPU particle simulations for FXSystem 0x00000000437AEF20
[2015.12.12-22.23.52:187][400]LogContentBrowser: Native class hierarchy updated for 'InconsistentJam_game' in 0.0017 seconds. Added 1 classes and 3 folders.
[2015.12.12-22.23.52:190][400]Warning: HotReload successful (0 functions remapped  0 scriptstructs remapped)
[2015.12.12-22.23.52:595][400]LogContentBrowser: Native class hierarchy populated in 0.0109 seconds. Added 1895 classes and 343 folders.
[2015.12.12-22.30.45:611][159]Running C:/Program Files (x86)/Epic Games/4.10/Engine/Binaries/DotNET/UnrealBuildTool.exe  -projectfiles -project="C:/Users/Dom/Documents/GitRepositories/InconsistentJam/InconsistentJam_game/InconsistentJam_game.uproject" -game -rocket -progress -2015
[2015.12.12-22.30.46:312][159]Discovering modules, targets and source code for game...
[2015.12.12-22.33.09:397][878]Running C:/Program Files (x86)/Epic Games/4.10/Engine/Binaries/DotNET/UnrealBuildTool.exe  -projectfiles -project="C:/Users/Dom/Documents/GitRepositories/InconsistentJam/InconsistentJam_game/InconsistentJam_game.uproject" -game -rocket -progress -2015
[2015.12.12-22.33.10:099][878]Discovering modules, targets and source code for game...
[2015.12.12-22.56.57:197][ 34]Running C:/Program Files (x86)/Epic Games/4.10/Engine/Binaries/DotNET/UnrealBuildTool.exe InconsistentJam_game Win64 Development -editorrecompile "C:/Users/Dom/Documents/GitRepositories/InconsistentJam/InconsistentJam_game/InconsistentJam_game.uproject" -invalidatemakefilesonly -rocket -2015
[2015.12.12-22.56.57:498][ 34]Invalidating makefiles only in this run.
[2015.12.12-22.56.57:609][ 34]Recompiling InconsistentJam_game...
[2015.12.12-22.56.57:609][ 34]Launching UnrealBuildTool... [C:/Program Files (x86)/Epic Games/4.10/Engine/Binaries/DotNET/UnrealBuildTool.exe InconsistentJam_game -ModuleWithSuffix InconsistentJam_game 8040 Win64 Development -editorrecompile -canskiplink "C:/Users/Dom/Documents/GitRepositories/InconsistentJam/InconsistentJam_game/InconsistentJam_game.uproject" -rocket  -rocket -2015]
[2015.12.12-22.57.13:289][ 34]CompilerResultsLog: New page: Compilation - Dec 12, 2015, 12:57:13 PM
[2015.12.12-22.57.13:289][ 34]CompilerResultsLog: Info Creating makefile for hot reloading InconsistentJam_game (no existing makefile)
[2015.12.12-22.57.13:289][ 34]CompilerResultsLog: Info Compiling game modules for hot reload
[2015.12.12-22.57.13:289][ 34]CompilerResultsLog: Info Parsing headers for InconsistentJam_gameEditor
[2015.12.12-22.57.13:289][ 34]CompilerResultsLog: Info   Running UnrealHeaderTool "C:/Users/Dom/Documents/GitRepositories/InconsistentJam/InconsistentJam_game/InconsistentJam_game.uproject" "C:\Users\Dom\Documents\GitRepositories\InconsistentJam\InconsistentJam_game\Intermediate\Build\Win64\InconsistentJam_gameEditor\Development\UnrealHeaderTool.manifest" -LogCmds="loginit warning, logexit warning, logdatabase error" -rocket -installed
[2015.12.12-22.57.13:289][ 34]CompilerResultsLog: Info Reflection code generated for InconsistentJam_gameEditor in 7.3783541 seconds
[2015.12.12-22.57.13:289][ 34]CompilerResultsLog: Info Performing 4 actions (4 in parallel)
[2015.12.12-22.57.13:289][ 34]CompilerResultsLog: Info MyPlayerController.cpp
[2015.12.12-22.57.13:289][ 34]CompilerResultsLog: Info ActorController.cpp
[2015.12.12-22.57.13:289][ 34]CompilerResultsLog: Info InconsistentJam_game.generated.cpp
[2015.12.12-22.57.13:289][ 34]CompilerResultsLog: Info [4/4] Link UE4Editor-InconsistentJam_game-8040.dll
[2015.12.12-22.57.13:289][ 34]CompilerResultsLog:Error: Error InconsistentJam_game.generated.cpp.obj : error LNK2005: "public: void __cdecl AMyPlayerController::TestFunc(void)" (?TestFunc@AMyPlayerController@@QEAAXXZ) already defined in MyPlayerController.cpp.obj
[2015.12.12-22.57.13:289][ 34]CompilerResultsLog: Info    Creating library C:\Users\Dom\Documents\GitRepositories\InconsistentJam\InconsistentJam_game\Intermediate/Build/Win64\UE4Editor\Development\UE4Editor-InconsistentJam_game-8040.lib and object C:\Users\Dom\Documents\GitRepositories\InconsistentJam\InconsistentJam_game\Intermediate/Build/Win64\UE4Editor\Development\UE4Editor-InconsistentJam_game-8040.exp
[2015.12.12-22.57.13:289][ 34]CompilerResultsLog:Error: Error MyPlayerController.cpp.obj : error LNK2001: unresolved external symbol "public: virtual void __cdecl AMyPlayerController::TestFunc_Implementation(void)" (?TestFunc_Implementation@AMyPlayerController@@UEAAXXZ)
[2015.12.12-22.57.13:289][ 34]CompilerResultsLog:Error: Error InconsistentJam_game.generated.cpp.obj : error LNK2001: unresolved external symbol "public: virtual void __cdecl AMyPlayerController::TestFunc_Implementation(void)" (?TestFunc_Implementation@AMyPlayerController@@UEAAXXZ)
[2015.12.12-22.57.13:289][ 34]CompilerResultsLog:Error: Error C:\Users\Dom\Documents\GitRepositories\InconsistentJam\InconsistentJam_game\Binaries\Win64\UE4Editor-InconsistentJam_game-8040.dll : fatal error LNK1120: 1 unresolved externals
[2015.12.12-22.57.13:289][ 34]CompilerResultsLog: Info -------- End Detailed Actions Stats -----------------------------------------------------------
[2015.12.12-22.57.13:289][ 34]CompilerResultsLog: Info ERROR: UBT ERROR: Failed to produce item: C:\Users\Dom\Documents\GitRepositories\InconsistentJam\InconsistentJam_game\Binaries\Win64\UE4Editor-InconsistentJam_game-8040.dll
[2015.12.12-22.57.13:289][ 34]CompilerResultsLog: Info Total build time: 15.64 seconds
[2015.12.12-22.57.13:289][ 34]LogMainFrame: MainFrame: Module compiling took 15.684 seconds
[2015.12.12-22.57.13:289][ 34]Warning: HotReload failed, recompile failed
[2015.12.12-22.57.13:301][ 34]Warning: RebindPackages failed because the compiler could not be started.
[2015.12.12-22.57.32:452][ 34]LogHotReload: New module detected: UE4Editor-InconsistentJam_game-8040.dll
[2015.12.12-22.57.32:471][ 35]LogHotReload: Starting Hot-Reload from IDE
[2015.12.12-22.57.32:565][ 35]LogParticles: Destroying 0 GPU particle simulations for FXSystem 0x000000005029C2C0
[2015.12.12-22.57.32:565][ 35]LogParticles: Destroying 0 GPU particle simulations for FXSystem 0x0000000028F25260
[2015.12.12-22.57.32:595][ 35]LogModuleManager:Warning: ModuleManager: Unable to load module 'InconsistentJam_game' because the file 'C:/Users/Dom/Documents/GitRepositories/InconsistentJam/InconsistentJam_game/Binaries/Win64/UE4Editor-InconsistentJam_game-8040.dll' was not found.
[2015.12.12-22.57.32:595][ 35]Warning: HotReload failed, reload failed /Script/InconsistentJam_game.
[2015.12.12-22.57.32:925][ 35]LogContentBrowser: Native class hierarchy populated in 0.0111 seconds. Added 1895 classes and 343 folders.
[2015.12.12-22.57.41:907][460]Running C:/Program Files (x86)/Epic Games/4.10/Engine/Binaries/DotNET/UnrealBuildTool.exe  -projectfiles -project="C:/Users/Dom/Documents/GitRepositories/InconsistentJam/InconsistentJam_game/InconsistentJam_game.uproject" -game -rocket -progress -2015
[2015.12.12-22.57.42:208][460]Discovering modules, targets and source code for game...
[2015.12.12-23.08.24:906][577]LogEditorViewport: Clicking on Actor (LMB): FromScatchCharController_C (FromScatchCharController)
[2015.12.12-23.08.29:112][782]LogRenderer: Reallocating scene render targets to support 1208x824 (Frame:14268).
[2015.12.12-23.17.48:679][  0]LogSCSEditor:Warning: Calling UpdateTree() from Tick() more frequently than expected due to invalid tree node state. This might be a performance issue.
[2015.12.12-23.17.57:195][383]LogSCSEditor:Warning: Calling UpdateTree() from Tick() more frequently than expected due to invalid tree node state. This might be a performance issue.
[2015.12.12-23.18.23:786][537]LogParticles: Destroying 0 GPU particle simulations for FXSystem 0x000000004CAC3D80
[2015.12.12-23.18.23:883][537]LogSavePackage: Save=35.262669ms
[2015.12.12-23.18.23:883][537]LogSavePackage: Moving '../../../../../../Users/Dom/Documents/GitRepositories/InconsistentJam/InconsistentJam_game/Saved/imSoFrustratedRightNow_Auto1ADF972FD4D98336E99A948BB80B70A0F.tmp' to '../../../../../../Users/Dom/Documents/GitRepositories/InconsistentJam/InconsistentJam_game/Saved/Autosaves/Game/imSoFrustratedRightNow_Auto1.umap'
[2015.12.12-23.18.23:884][537]LogSavePackage: Total save time: 54.123007ms
[2015.12.12-23.18.23:884][537]LogSavePackage:Display: Finished SavePackage ../../../../../../Users/Dom/Documents/GitRepositories/InconsistentJam/InconsistentJam_game/Saved/Autosaves/Game/imSoFrustratedRightNow_Auto1.umap
[2015.12.12-23.18.23:885][537]LogFileHelpers: Editor autosave (incl. sublevels) for '/Game/imSoFrustratedRightNow' took 0.147
[2015.12.12-23.18.23:885][537]LogFileHelpers: Editor autosave (incl. sublevels) for all levels took 0.147
[2015.12.12-23.18.23:895][537]OBJ SavePackage: Generating thumbnails for [0] asset(s) in package [/Game/FromScatchCharController] ([1] browsable assets)...
[2015.12.12-23.18.23:895][537]OBJ SavePackage: Finished generating thumbnails for package [/Game/FromScatchCharController]
[2015.12.12-23.18.23:918][537]LogSavePackage: Save=20.535976ms
[2015.12.12-23.18.23:918][537]LogSavePackage: Moving '../../../../../../Users/Dom/Documents/GitRepositories/InconsistentJam/InconsistentJam_game/Saved/FromScatchCharController_Auto134D27C53473AA937E04BA58D28CCD2AB.tmp' to '../../../../../../Users/Dom/Documents/GitRepositories/InconsistentJam/InconsistentJam_game/Saved/Autosaves/Game/FromScatchCharController_Auto1.uasset'
[2015.12.12-23.18.23:919][537]LogSavePackage: Total save time: 23.031477ms
[2015.12.12-23.18.23:919][537]LogSavePackage:Display: Finished SavePackage ../../../../../../Users/Dom/Documents/GitRepositories/InconsistentJam/InconsistentJam_game/Saved/Autosaves/Game/FromScatchCharController_Auto1.uasset
[2015.12.12-23.18.23:919][537]LogFileHelpers: Auto-saving content packages took 0.032
[2015.12.12-23.22.58:838][230]LogEditorViewport: Clicking on Actor (LMB): Actor (Actor)
[2015.12.12-23.22.59:570][273]Cmd: DELETE
[2015.12.12-23.22.59:570][273]Cmd: ACTOR DELETE
[2015.12.12-23.22.59:570][273]LogEditorActor: Deleted Actor: Actor
[2015.12.12-23.22.59:571][273]LogActorComponent: UnregisterComponent: (/Engine/Transient.MovementComponent0) Not registered. Aborting.
[2015.12.12-23.22.59:646][273]LogEditorActor: Deleted 1 Actors (0.076 secs)
[2015.12.12-23.23.59:677][870]LogEditorViewport: Clicking on Actor (LMB): FromScatchCharController_C (FromScatchCharController)
[2015.12.12-23.24.08:844][302]LogSpawn:Warning: SpawnActor failed because we are running a ConstructionScript (PlayerCameraManager)
[2015.12.12-23.24.08:844][302]LogPlayerController: Couldn't Spawn PlayerCameraManager for Player!!
[2015.12.12-23.24.08:859][302]LogSCSEditor:Warning: Calling UpdateTree() from Tick() more frequently than expected due to invalid tree node state. This might be a performance issue.
[2015.12.12-23.24.17:572][659]LogSpawn:Warning: SpawnActor failed because we are running a ConstructionScript (PlayerCameraManager)
[2015.12.12-23.24.17:572][659]LogPlayerController: Couldn't Spawn PlayerCameraManager for Player!!
[2015.12.12-23.24.17:607][659]LogSCSEditor:Warning: Calling UpdateTree() from Tick() more frequently than expected due to invalid tree node state. This might be a performance issue.
[2015.12.12-23.24.29:634][281]LogSpawn:Warning: SpawnActor failed because we are running a ConstructionScript (PlayerCameraManager)
[2015.12.12-23.24.29:634][281]LogPlayerController: Couldn't Spawn PlayerCameraManager for Player!!
[2015.12.12-23.24.29:668][282]LogRenderer: Reallocating scene render targets to support 1208x832 (Frame:35559).
[2015.12.12-23.24.37:984][500]LogSpawn:Warning: SpawnActor failed because we are running a ConstructionScript (PlayerCameraManager)
[2015.12.12-23.24.37:984][500]LogPlayerController: Couldn't Spawn PlayerCameraManager for Player!!
[2015.12.12-23.24.38:121][502]LogSpawn:Warning: SpawnActor failed because we are running a ConstructionScript (PlayerCameraManager)
[2015.12.12-23.24.38:122][502]LogPlayerController: Couldn't Spawn PlayerCameraManager for Player!!
[2015.12.12-23.24.38:190][503]LogSpawn:Warning: SpawnActor failed because we are running a ConstructionScript (PlayerCameraManager)
[2015.12.12-23.24.38:190][503]LogPlayerController: Couldn't Spawn PlayerCameraManager for Player!!
[2015.12.12-23.24.38:417][506]LogSpawn:Warning: SpawnActor failed because we are running a ConstructionScript (PlayerCameraManager)
[2015.12.12-23.24.38:417][506]LogPlayerController: Couldn't Spawn PlayerCameraManager for Player!!
[2015.12.12-23.24.38:485][507]LogSpawn:Warning: SpawnActor failed because we are running a ConstructionScript (PlayerCameraManager)
[2015.12.12-23.24.38:485][507]LogPlayerController: Couldn't Spawn PlayerCameraManager for Player!!
[2015.12.12-23.24.38:555][508]LogSpawn:Warning: SpawnActor failed because we are running a ConstructionScript (PlayerCameraManager)
[2015.12.12-23.24.38:555][508]LogPlayerController: Couldn't Spawn PlayerCameraManager for Player!!
[2015.12.12-23.24.39:001][514]LogEditorTransaction: Undo Modify Component(s)
[2015.12.12-23.24.39:078][514]LogSpawn:Warning: SpawnActor failed because we are running a ConstructionScript (PlayerCameraManager)
[2015.12.12-23.24.39:078][514]LogPlayerController: Couldn't Spawn PlayerCameraManager for Player!!
[2015.12.12-23.24.39:078][514]LogSpawn:Warning: SpawnActor failed because we are running a ConstructionScript (PlayerCameraManager)
[2015.12.12-23.24.39:078][514]LogPlayerController: Couldn't Spawn PlayerCameraManager for Player!!
[2015.12.12-23.24.39:144][514]LogSpawn:Warning: SpawnActor failed because we are running a ConstructionScript (PlayerCameraManager)
[2015.12.12-23.24.39:144][514]LogPlayerController: Couldn't Spawn PlayerCameraManager for Player!!
[2015.12.12-23.24.39:176][514]LogSpawn:Warning: SpawnActor failed because we are running a ConstructionScript (PlayerCameraManager)
[2015.12.12-23.24.39:176][514]LogPlayerController: Couldn't Spawn PlayerCameraManager for Player!!
[2015.12.12-23.28.24:858][153]LogSavePackage: Save=46.526764ms
[2015.12.12-23.28.24:858][153]LogSavePackage: Moving '../../../../../../Users/Dom/Documents/GitRepositories/InconsistentJam/InconsistentJam_game/Saved/imSoFrustratedRightNow_Auto22745BF874359BA7AA27A0AB162CA5D7A.tmp' to '../../../../../../Users/Dom/Documents/GitRepositories/InconsistentJam/InconsistentJam_game/Saved/Autosaves/Game/imSoFrustratedRightNow_Auto2.umap'
[2015.12.12-23.28.24:859][153]LogSavePackage: Total save time: 50.794616ms
[2015.12.12-23.28.24:859][153]LogSavePackage:Display: Finished SavePackage ../../../../../../Users/Dom/Documents/GitRepositories/InconsistentJam/InconsistentJam_game/Saved/Autosaves/Game/imSoFrustratedRightNow_Auto2.umap
[2015.12.12-23.28.24:861][153]LogFileHelpers: Editor autosave (incl. sublevels) for '/Game/imSoFrustratedRightNow' took 0.111
[2015.12.12-23.28.24:861][153]LogFileHelpers: Editor autosave (incl. sublevels) for all levels took 0.111
[2015.12.12-23.28.24:874][153]OBJ SavePackage: Generating thumbnails for [0] asset(s) in package [/Game/FromScatchCharController] ([1] browsable assets)...
[2015.12.12-23.28.24:874][153]OBJ SavePackage: Finished generating thumbnails for package [/Game/FromScatchCharController]
[2015.12.12-23.28.24:900][153]LogSavePackage: Save=22.924505ms
[2015.12.12-23.28.24:900][153]LogSavePackage: Moving '../../../../../../Users/Dom/Documents/GitRepositories/InconsistentJam/InconsistentJam_game/Saved/FromScatchCharController_Auto26FBF7872483BC261C3DAB38FAFA5F05B.tmp' to '../../../../../../Users/Dom/Documents/GitRepositories/InconsistentJam/InconsistentJam_game/Saved/Autosaves/Game/FromScatchCharController_Auto2.uasset'
[2015.1