[2015.12.12-21.44.22:123][  0]Log file open, 12/12/15 16:44:22
[2015.12.12-21.44.22:123][  0]LogInit:Display: Running engine for game: InconsistentJam_game
[2015.12.12-21.44.22:123][  0]LogPlatformFile: Not using cached read wrapper
[2015.12.12-21.44.22:123][  0]LogInit:Display: RandInit(327808630) SRandInit(327808631).
[2015.12.12-21.44.22:123][  0]LogTaskGraph: Started task graph with 4 named threads and 7 total threads.
[2015.12.12-21.44.22:123][  0]LogStats: Stats thread started at 0.081996
[2015.12.12-21.44.22:123][  0]LogInit:Warning: Incompatible or missing module: UE4Editor-InconsistentJam_game.dll
[2015.12.12-21.44.23:938][  0]Running C:/Program Files (x86)/Epic Games/4.10/Engine/Binaries/DotNET/UnrealBuildTool.exe InconsistentJam_game Development Win64 -project="C:/Users/Dom/Documents/GitRepositories/InconsistentJam/InconsistentJam_game/InconsistentJam_game.uproject" -rocket -editorrecompile -progress -noubtmakefiles -2015
[2015.12.12-21.44.27:239][  0]@progress push 5%
[2015.12.12-21.44.27:839][  0]@progress pop
[2015.12.12-21.44.33:942][  0]Performing 7 actions (4 in parallel)
[2015.12.12-21.44.33:942][  0][3/7] Resource ModuleVersionResource.rc.inl
[2015.12.12-21.44.33:942][  0][2/7] Resource PCLaunch.rc
[2015.12.12-21.44.34:042][  0]PCH.InconsistentJam_game.h.cpp
[2015.12.12-21.45.11:744][  0]PlayerMovement.cpp
[2015.12.12-21.45.11:744][  0]InconsistentJam_game.cpp
[2015.12.12-21.45.11:745][  0]InconsistentJam_game.generated.cpp
[2015.12.12-21.45.12:046][  0][7/7] Link UE4Editor-InconsistentJam_game.dll
[2015.12.12-21.45.13:446][  0]   Creating library C:\Users\Dom\Documents\GitRepositories\InconsistentJam\InconsistentJam_game\Intermediate/Build/Win64\UE4Editor\Development\UE4Editor-InconsistentJam_game.lib and object C:\Users\Dom\Documents\GitRepositories\InconsistentJam\InconsistentJam_game\Intermediate/Build/Win64\UE4Editor\Development\UE4Editor-InconsistentJam_game.exp
[2015.12.12-21.45.13:746][  0]-------- End Detailed Actions Stats -----------------------------------------------------------
[2015.12.12-21.45.13:746][  0]Total build time: 49.75 seconds
[2015.12.12-21.45.14:283][  0]LogInit: Version: 4.10.1-2791327+++depot+UE4-Releases+4.10
[2015.12.12-21.45.14:283][  0]LogInit: API Version: 2758231
[2015.12.12-21.45.14:283][  0]LogInit: Compiled (64-bit): Dec  4 2015 19:44:40
[2015.12.12-21.45.14:283][  0]LogInit: Compiled with Visual C++: 19.00.23026.00
[2015.12.12-21.45.14:283][  0]LogInit: Build Configuration: Development
[2015.12.12-21.45.14:283][  0]LogInit: Branch Name: ++depot+UE4-Releases+4.10
[2015.12.12-21.45.14:283][  0]LogInit: Command line: 
[2015.12.12-21.45.14:283][  0]LogInit: Base directory: C:/Program Files (x86)/Epic Games/4.10/Engine/Binaries/Win64/
[2015.12.12-21.45.14:283][  0]LogInit: Rocket: 1
[2015.12.12-21.45.14:290][  0]LogInit: Using libcurl 7.41.0
[2015.12.12-21.45.14:290][  0]LogInit:  - built for x86_64-pc-win32
[2015.12.12-21.45.14:290][  0]LogInit:  - supports SSL with WinSSL
[2015.12.12-21.45.14:290][  0]LogInit:  - other features:
[2015.12.12-21.45.14:290][  0]LogInit:      CURL_VERSION_SSL
[2015.12.12-21.45.14:290][  0]LogInit:      CURL_VERSION_IPV6
[2015.12.12-21.45.14:290][  0]LogInit:      CURL_VERSION_ASYNCHDNS
[2015.12.12-21.45.14:290][  0]LogInit:      CURL_VERSION_LARGEFILE
[2015.12.12-21.45.14:290][  0]LogInit:      CURL_VERSION_IDN
[2015.12.12-21.45.14:291][  0]LogInit:  CurlRequestOptions (configurable via config and command line):
[2015.12.12-21.45.14:291][  0]LogInit:  - bVerifyPeer = true  - Libcurl will verify peer certificate
[2015.12.12-21.45.14:291][  0]LogInit:  - bUseHttpProxy = false  - Libcurl will NOT use HTTP proxy
[2015.12.12-21.45.14:291][  0]LogInit:  - bDontReuseConnections = false  - Libcurl will reuse connections
[2015.12.12-21.45.14:291][  0]LogInit:  - CertBundlePath = nullptr  - Libcurl will use whatever was configured at build time.
[2015.12.12-21.45.14:298][  0]LogInit: Presizing for 0 objects not considered by GC, pre-allocating 0 bytes.
[2015.12.12-21.45.14:307][  0]LogInit: Object subsystem initialized
[2015.12.12-21.45.14:308][  0]LogInit: Selected Device Profile: [Windows]
[2015.12.12-21.45.14:308][  0]LogInit: Applying CVar settings loaded from the selected device profile: [Windows]
[2015.12.12-21.45.14:316][  0]LogInit: Computer: DOM-PC
[2015.12.12-21.45.14:316][  0]LogInit: User: Dom
[2015.12.12-21.45.14:316][  0]LogInit: CPU Page size=4096, Cores=4
[2015.12.12-21.45.14:316][  0]LogInit: High frequency timer resolution =2.533359 MHz
[2015.12.12-21.45.14:316][  0]LogMemory: Memory total: Physical=15.9GB (16GB approx)
[2015.12.12-21.45.14:316][  0]LogMemory: Platform Memory Stats for Windows
[2015.12.12-21.45.14:316][  0]LogMemory: Process Physical Memory: 60.36 MB used, 60.36 MB peak
[2015.12.12-21.45.14:316][  0]LogMemory: Process Virtual Memory: 58.64 MB used, 58.64 MB peak
[2015.12.12-21.45.14:316][  0]LogMemory: Physical Memory: 5514.14 MB used, 16280.75 MB total
[2015.12.12-21.45.14:316][  0]LogMemory: Virtual Memory: 361.54 MB used, 8388608.00 MB total
[2015.12.12-21.45.14:353][  0]LogTextLocalizationManager: No specific translations for ('en-US') exist, so ('en') translations will be used.
[2015.12.12-21.45.14:919][  0]LogD3D11RHI: Found D3D11 adapter 0: NVIDIA GeForce GTX 680M (Feature Level 11_0)
[2015.12.12-21.45.14:919][  0]LogD3D11RHI: Adapter has 4027MB of dedicated video memory, 0MB of dedicated system memory, and 7884MB of shared system memory, 1 output[s]
[2015.12.12-21.45.14:938][  0]LogD3D11RHI: Found D3D11 adapter 1: NVIDIA GeForce GTX 680M (Feature Level 11_0)
[2015.12.12-21.45.14:938][  0]LogD3D11RHI: Adapter has 4027MB of dedicated video memory, 0MB of dedicated system memory, and 7884MB of shared system memory, 0 output[s]
[2015.12.12-21.45.14:938][  0]LogD3D11RHI: Chosen D3D11 Adapter Id = 0
[2015.12.12-21.45.14:944][  0]LogD3D11RHI: !Direct3DDevice
[2015.12.12-21.45.14:944][  0]LogRHI: Texture pool is 1361 MB (70% of 1945 MB)
[2015.12.12-21.45.14:962][  0]LogD3D11RHI: Async texture creation enabled
[2015.12.12-21.45.14:978][  0]LogShaderCompilers: Guid format shader working directory is -46 characters bigger than the processId version (../../../../../../Users/Dom/Documents/GitRepositories/InconsistentJam/InconsistentJam_game/Intermediate/Shaders/WorkingDirectory/7908/).
[2015.12.12-21.45.14:978][  0]LogShaderCompilers: Cleaned the shader compiler working directory 'C:/Users/Dom/AppData/Local/Temp/UnrealShaderWorkingDir/C7A58826473423E75C5146B1A07BE8C8/'.
[2015.12.12-21.45.14:978][  0]LogShaderCompilers:Display: Using Local Shader Compiler.
[2015.12.12-21.45.15:886][  0]LogTemp:Display: Loaded TP AllDesktopTargetPlatform
[2015.12.12-21.45.15:891][  0]LogTemp:Display: Loaded TP WindowsClientTargetPlatform
[2015.12.12-21.45.15:897][  0]LogTemp:Display: Loaded TP WindowsNoEditorTargetPlatform
[2015.12.12-21.45.15:903][  0]LogTemp:Display: Loaded TP WindowsServerTargetPlatform
[2015.12.12-21.45.15:908][  0]LogTemp:Display: Loaded TP WindowsTargetPlatform
[2015.12.12-21.45.15:912][  0]LogTemp:Display: Loaded TP AndroidTargetPlatform
[2015.12.12-21.45.15:915][  0]LogTemp:Display: Loaded TP Android_ASTCTargetPlatform
[2015.12.12-21.45.15:919][  0]LogTemp:Display: Loaded TP Android_ATCTargetPlatform
[2015.12.12-21.45.15:922][  0]LogTemp:Display: Loaded TP Android_DXTTargetPlatform
[2015.12.12-21.45.15:926][  0]LogTemp:Display: Loaded TP Android_ETC1TargetPlatform
[2015.12.12-21.45.15:930][  0]LogTemp:Display: Loaded TP Android_ETC2TargetPlatform
[2015.12.12-21.45.15:937][  0]LogTemp:Display: Loaded TP Android_MultiTargetPlatform
[2015.12.12-21.45.15:937][  0]LogTemp:Display: Loaded TP Android_PVRTCTargetPlatform
[2015.12.12-21.45.15:937][  0]LogTemp:Display: Loaded TP HTML5TargetPlatform
[2015.12.12-21.45.15:954][  0]LogTemp:Display: Loaded TP IOSTargetPlatform
[2015.12.12-21.45.15:957][  0]LogTemp:Display: Loaded TP LinuxNoEditorTargetPlatform
[2015.12.12-21.45.15:960][  0]LogTemp:Display: Loaded TP LinuxServerTargetPlatform
[2015.12.12-21.45.15:963][  0]LogTemp:Display: Loaded TP LinuxTargetPlatform
[2015.12.12-21.45.15:963][  0]LogTargetPlatformManager:Display: Building Assets For Windows
[2015.12.12-21.45.16:041][  0]LogDerivedDataCache:Display: Max Cache Size: 512 MB
[2015.12.12-21.45.16:087][  0]LogDerivedDataCache: Loaded boot cache 0.05s 41MB C:/Users/Dom/AppData/Local/UnrealEngine/4.10/DerivedDataCache/Boot.ddc.
[2015.12.12-21.45.16:087][  0]LogDerivedDataCache:Display: Loaded Boot cache: C:/Users/Dom/AppData/Local/UnrealEngine/4.10/DerivedDataCache/Boot.ddc
[2015.12.12-21.45.16:087][  0]LogDerivedDataCache: FDerivedDataBackendGraph:  Pak pak cache file ../../../../../../Users/Dom/Documents/GitRepositories/InconsistentJam/InconsistentJam_game/DerivedDataCache/DDC.ddp not found, will not use a pak cache.
[2015.12.12-21.45.16:087][  0]LogDerivedDataCache: Unable to find inner node Pak for hierarchical cache Hierarchy.
[2015.12.12-21.45.16:087][  0]LogDerivedDataCache: FDerivedDataBackendGraph:  CompressedPak pak cache file ../../../../../../Users/Dom/Documents/GitRepositories/InconsistentJam/InconsistentJam_game/DerivedDataCache/Compressed.ddp not found, will not use a pak cache.
[2015.12.12-21.45.16:087][  0]LogDerivedDataCache: Unable to find inner node CompressedPak for hierarchical cache Hierarchy.
[2015.12.12-21.45.16:183][  0]LogDerivedDataCache:Display: Pak cache opened for reading ../../../Engine/DerivedDataCache/Compressed.ddp.
[2015.12.12-21.45.16:195][  0]LogDerivedDataCache: Using Local data cache path C:/Users/Dom/AppData/Local/UnrealEngine/Common/DerivedDataCache: Writable
[2015.12.12-21.45.16:391][  0]LogInit: Selected Device Profile: [Windows]
[2015.12.12-21.45.16:392][  0]LogContentStreaming: Texture pool size is 0.000000MB
[2015.12.12-21.45.16:432][  0]LogMeshUtilities: No automatic mesh reduction module available
[2015.12.12-21.45.16:432][  0]LogMeshUtilities: No automatic mesh merging module available
[2015.12.12-21.45.16:794][  0]LogInit: WinSock: version 1.1 (2.2), MaxSocks=32767, MaxUdp=65467
[2015.12.12-21.45.17:516][  0]UdpMessaging: Initializing bridge on interface 0.0.0.0:0 to multicast group 230.0.0.1:6666.
[2015.12.12-21.45.17:621][  0]LogAssetRegistry: FAssetRegistry took 0.0106 seconds to start up
[2015.12.12-21.45.17:828][  0]SourceControl: Info Source control is disabled
[2015.12.12-21.45.17:840][  0]SourceControl: Info Source control is disabled
[2015.12.12-21.45.17:850][  0]SourceControl: Info Source control is disabled
[2015.12.12-21.45.17:860][  0]SourceControl: Info Source control is disabled
[2015.12.12-21.45.18:081][  0]LogObj: 28637 objects as part of root set at end of initial load.
[2015.12.12-21.45.18:081][  0]LogUObjectAllocator: 6100816 out of 0 bytes used by permanent object pool.
[2015.12.12-21.45.18:142][  0]LogEngine: Initializing Engine...
[2015.12.12-21.45.18:144][  0]LogHMD: Can't find Oculus library dev build: is proper Runtime installed? Version: 0.8.0.0
[2015.12.12-21.45.18:144][  0]LogHMD: SteamVR failed to initialize.  Err: 110
[2015.12.12-21.45.18:293][  0]LogAIModule: Creating AISystem for world NewWorld
[2015.12.12-21.45.18:299][  0]LogInit: XAudio2 using 'Speakers (High Definition Audio Device)' : 2 channels at 44.1 kHz using 16 bits per sample (channel mask 0x3)
[2015.12.12-21.45.18:317][  0]LogInit: FAudioDevice initialized.
[2015.12.12-21.45.18:341][  0]LogDerivedDataCache: Saved boot cache 0.02s 41MB C:/Users/Dom/AppData/Local/UnrealEngine/4.10/DerivedDataCache/Boot.ddc.
[2015.12.12-21.45.18:344][  0]LogInit: Texture streaming: Enabled
[2015.12.12-21.45.18:350][  0]LogAnalytics: Creating configured Analytics provider AnalyticsET
[2015.12.12-21.45.18:350][  0]LogAnalytics: [UEEditor.Rocket.Release] APIServer = http://et2.epicgames.com/ET2/. AppVersion = 4.10.1-2791327+++depot+UE4-Releases+4.10
[2015.12.12-21.45.18:350][  0]LogAnalytics: [UEEditor.Rocket.Release] SetUserId 18fe98e34229e4e8582c0aac50c21f88|9daa1ccd9a564c85ae487add62c2881a|aa3ef17f-b791-4a7b-8cda-596aa2123414
[2015.12.12-21.45.18:350][  0]LogAnalytics: [UEEditor.Rocket.Release] AnalyticsET::StartSession
[2015.12.12-21.45.18:365][  0]LogInit: Transaction tracking system initialized
[2015.12.12-21.45.18:396][  0]BlueprintLog: New page: Editor Load
[2015.12.12-21.45.18:475][  0]LocalizationService: Info Localization service is disabled
[2015.12.12-21.45.18:763][  0]LogConsoleResponse:Display: 
[2015.12.12-21.45.18:894][  0]LogCook:Display: Done creating registry. It took  0.00s.
[2015.12.12-21.45.18:956][  0]LogFileCache: Scanning file cache for directory 'C:/Users/Dom/Documents/GitRepositories/InconsistentJam/InconsistentJam_game/Content/' took 0.01s
[2015.12.12-21.45.18:956][  0]SourceControl: Info Source control is disabled
[2015.12.12-21.45.18:956][  0]Cmd: MAP LOAD FILE="../../../../../../Users/Dom/Documents/GitRepositories/InconsistentJam/InconsistentJam_game/Content/StarterContent/Maps/Minimal_Default.umap" TEMPLATE=0 SHOWPROGRESS=1 FEATURELEVEL=3
[2015.12.12-21.45.18:957][  0]LightingResults: New page: Lighting Build
[2015.12.12-21.45.18:960][  0]MapCheck: New page: Map Check
[2015.12.12-21.45.18:960][  0]LightingResults: New page: Lighting Build
[2015.12.12-21.45.18:975][  0]LogParticles: Destroying 0 GPU particle simulations for FXSystem 0x00000000245E6160
[2015.12.12-21.45.19:501][  0]LogAIModule: Creating AISystem for world Minimal_Default
[2015.12.12-21.45.19:509][  0]LogEditorServer: Finished looking for orphan Actors (0.000 secs)
[2015.12.12-21.45.19:509][  0]Cmd: MAP CHECKDEP NOCLEARLOG
[2015.12.12-21.45.19:569][  0]MapCheck: Info Map check complete: 0 Error(s), 0 Warning(s), took 59.828ms to complete.
[2015.12.12-21.45.19:569][  0]LogFileHelpers: Loading map 'Minimal_Default' took 0.613
[2015.12.12-21.45.19:685][  0]LogCollectionManager: Loaded 0 collections in 0.002523 seconds
[2015.12.12-21.45.19:725][  0]LogFileCache: Scanning file cache for directory 'C:/Users/Dom/Documents/GitRepositories/InconsistentJam/InconsistentJam_game/Saved/Collections/' took 0.01s
[2015.12.12-21.45.19:725][  0]LogFileCache: Scanning file cache for directory 'C:/Users/Dom/Documents/GitRepositories/InconsistentJam/InconsistentJam_game/Content/Developers/Dom/Collections/' took 0.01s
[2015.12.12-21.45.19:725][  0]LogFileCache: Scanning file cache for directory 'C:/Users/Dom/Documents/GitRepositories/InconsistentJam/InconsistentJam_game/Content/Collections/' took 0.01s
[2015.12.12-21.45.19:725][  0]LogCollectionManager: Rebuilt the GUID cache for 0 collections in 0.000002 seconds
[2015.12.12-21.45.19:740][  0]LogContentBrowser: Native class hierarchy populated in 0.0156 seconds. Added 1894 classes and 341 folders.
[2015.12.12-21.45.19:753][  0]LogContentBrowser: Native class hierarchy updated for 'WidgetCarousel' in 0.0018 seconds. Added 0 classes and 0 folders.
[2015.12.12-21.45.19:817][  0]LogContentBrowser: Native class hierarchy updated for 'AddContentDialog' in 0.0031 seconds. Added 0 classes and 0 folders.
[2015.12.12-21.45.19:825][  0]LogContentBrowser: Native class hierarchy updated for 'SceneOutliner' in 0.0024 seconds. Added 1 classes and 2 folders.
[2015.12.12-21.45.19:858][  0]LogCrashTracker: Crashtracker disabled due to settings.
[2015.12.12-21.45.19:864][  0]LogUObjectGlobals:Warning: Failed to find object 'Class None.'
[2015.12.12-21.45.19:884][  0]LogLoad: Full Startup: 58.47 seconds (BP compile: 0.06 seconds)
[2015.12.12-21.45.19:906][  0]LogOcInput: Can't find Oculus library dev build: is proper Runtime installed? Version: 0.8.0.0
[2015.12.12-21.45.19:959][  0]LogContentStreaming: Texture pool size now 400 MB
[2015.12.12-21.45.20:174][  0]LogRenderer: Reallocating scene render targets to support 1208x656 (Frame:2).
[2015.12.12-21.45.20:431][  4]LogAssetRegistry: Asset discovery search completed in 2.8208 seconds
[2015.12.12-21.45.20:431][  4]LogCollectionManager: Rebuilt the object cache for 0 collections in 0.000001 seconds (found 0 objects)
[2015.12.12-21.45.20:431][  4]LogCollectionManager: Fixed up redirectors for 0 collections in 0.000023 seconds (updated 0 objects)
[2015.12.12-21.46.36:543][795]LogUObjectGlobals:Warning: Failed to find object 'Object None.EditorViewports'
[2015.12.12-21.47.17:920][218]Running C:/Program Files (x86)/Epic Games/4.10/Engine/Binaries/DotNET/UnrealBuildTool.exe  -projectfiles -project="C:/Users/Dom/Documents/GitRepositories/InconsistentJam/InconsistentJam_game/InconsistentJam_game.uproject" -game -rocket -progress -2015
[2015.12.12-21.47.18:221][218]Discovering modules, targets and source code for game...
[2015.12.12-21.54.13:600][ 20]Running C:/Program Files (x86)/Epic Games/4.10/Engine/Binaries/DotNET/UnrealBuildTool.exe  -projectfiles -project="C:/Users/Dom/Documents/GitRepositories/InconsistentJam/InconsistentJam_game/InconsistentJam_game.uproject" -game -rocket -progress -2015
[2015.12.12-21.54.14:001][ 20]Discovering modules, targets and source code for game...
[2015.12.12-21.56.54:352][970]Running C:/Program Files (x86)/Epic Games/4.10/Engine/Binaries/DotNET/UnrealBuildTool.exe  -projectfiles -project="C:/Users/Dom/Documents/GitRepositories/InconsistentJam/InconsistentJam_game/InconsistentJam_game.uproject" -game -rocket -progress -2015
[2015.12.12-21.56.54:653][970]Discovering modules, targets and source code for game...
[2015.12.12-22.02.36:647][ 65]LogDesktopPlatform:Warning: Error reading results of folder dialog.
[2015.12.12-22.02.48:439][642]Running C:/Program Files (x86)/Epic Games/4.10/Engine/Binaries/DotNET/UnrealBuildTool.exe InconsistentJam_game Win64 Development -editorrecompile "C:/Users/Dom/Documents/GitRepositories/InconsistentJam/InconsistentJam_game/InconsistentJam_game.uproject" -invalidatemakefilesonly -rocket -2015
[2015.12.12-22.02.48:939][642]Invalidating makefiles only in this run.
[2015.12.12-22.02.49:115][642]Recompiling InconsistentJam_game...
[2015.12.12-22.02.49:116][642]Launching UnrealBuildTool... [C:/Program Files (x86)/Epic Games/4.10/Engine/Binaries/DotNET/UnrealBuildTool.exe InconsistentJam_game -ModuleWithSuffix InconsistentJam_game 66 Win64 Development -editorrecompile -canskiplink "C:/Users/Dom/Documents/GitRepositories/InconsistentJam/InconsistentJam_game/InconsistentJam_game.uproject" -rocket  -rocket -2015]
[2015.12.12-22.03.06:819][642]CompilerResultsLog: New page: Compilation - Dec 12, 2015, 12:03:06 PM
[2015.12.12-22.03.06:844][642]CompilerResultsLog: Info Performing full C++ include scan (hot reloading a new target)
[2015.12.12-22.03.06:844][642]CompilerResultsLog: Info Creating makefile for hot reloading InconsistentJam_game (no existing makefile)
[2015.12.12-22.03.06:844][642]CompilerResultsLog: Info Compiling game modules for hot reload
[2015.12.12-22.03.06:844][642]CompilerResultsLog: Info Parsing headers for InconsistentJam_gameEditor
[2015.12.12-22.03.06:844][642]CompilerResultsLog: Info   Running UnrealHeaderTool "C:/Users/Dom/Documents/GitRepositories/InconsistentJam/InconsistentJam_game/InconsistentJam_game.uproject" "C:\Users\Dom\Documents\GitRepositories\InconsistentJam\InconsistentJam_game\Intermediate\Build\Win64\InconsistentJam_gameEditor\Development\UnrealHeaderTool.manifest" -LogCmds="loginit warning, logexit warning, logdatabase error" -rocket -installed
[2015.12.12-22.03.06:844][642]CompilerResultsLog: Info Reflection code generated for InconsistentJam_gameEditor in 8.0865826 seconds
[2015.12.12-22.03.06:844][642]CompilerResultsLog: Info Performing 3 actions (4 in parallel)
[2015.12.12-22.03.06:844][642]CompilerResultsLog: Info MyPlayerController.cpp
[2015.12.12-22.03.06:844][642]CompilerResultsLog: Info InconsistentJam_game.generated.cpp
[2015.12.12-22.03.06:844][642]CompilerResultsLog: Info [3/3] Link UE4Editor-InconsistentJam_game-66.dll
[2015.12.12-22.03.06:844][642]CompilerResultsLog: Info    Creating library C:\Users\Dom\Documents\GitRepositories\InconsistentJam\InconsistentJam_game\Intermediate/Build/Win64\UE4Editor\Development\UE4Editor-InconsistentJam_game-66.lib and object C:\Users\Dom\Documents\GitRepositories\InconsistentJam\InconsistentJam_game\Intermediate/Build/Win64\UE4Editor\Development\UE4Editor-InconsistentJam_game-66.exp
[2015.12.12-22.03.06:844][642]CompilerResultsLog: Info -------- End Detailed Actions Stats -----------------------------------------------------------
[2015.12.12-22.03.06:844][642]CompilerResultsLog: Info Total build time: 17.66 seconds
[2015.12.12-22.03.06:844][642]LogMainFrame: MainFrame: Module compiling took 17.733 seconds
[2015.12.12-22.03.06:844][642]LogActorComponent: UnregisterComponent: (/Engine/Transient.MovementComponent0) Not registered. Aborting.
[2015.12.12-22.03.06:872][642]LogClass: Could not find existing class MyPlayerController in package /Script/InconsistentJam_game for HotReload, assuming new class
[2015.12.12-22.03.06:874][642]LogContentBrowser: Native class hierarchy updated for 'InconsistentJam_game' in 0.0020 seconds. Added 2 classes and 3 folders.
[2015.12.12-22.03.06:876][642]Warning: HotReload successful (0 functions remapped  0 scriptstructs remapped)
[2015.12.12-22.03.06:891][642]LogContentBrowser: Native class hierarchy populated in 0.0115 seconds. Added 1896 classes and 343 folders.
[2015.12.12-22.03.06:917][642]Warning: HotReload operation took 17.9s.
[2015.12.12-22.03.07:132][642]LogVSAccessor:Warning: Couldn't goto line number '0' in 'C:/Users/Dom/Documents/GitRepositories/InconsistentJam/InconsistentJam_game/Source/InconsistentJam_game/Public/MyPlayerController.h'
[2015.12.12-22.03.07:229][642]LogVSAccessor:Warning: Couldn't goto line number '0' in 'C:/Users/Dom/Documents/GitRepositories/InconsistentJam/InconsistentJam_game/Source/InconsistentJam_game/Private/MyPlayerController.cpp'
[2015.12.12-22.03.07:268][642]LogHotReload: New module detected: UE4Editor-InconsistentJam_game-66.dll
[2015.12.12-22.03.07:297][643]LogHotReload: Starting Hot-Reload from IDE
[2015.12.12-22.03.07:391][643]LogContentBrowser: Native class hierarchy updated for 'InconsistentJam_game' in 0.0022 seconds. Added 2 classes and 3 folders.
[2015.12.12-22.03.07:394][643]Warning: HotReload successful (0 functions remapped  0 scriptstructs remapped)
[2015.12.12-22.03.07:414][643]LogContentBrowser: Native class hierarchy populated in 0.0138 seconds. Added 1896 classes and 343 folders.
[2015.12.12-22.04.35:842][495]LogVSAccessor:Warning: Couldn't access Visual Studio
[2015.12.12-22.04.35:845][495]LogVSAccessor:Warning: Couldn't access module table
[2015.12.12-22.04.35:845][495]LogVSAccessor:Warning: Couldn't access module table
[2015.12.12-22.04.35:845][495]LogVSAccessor:Warning: Couldn't access module table
[2015.12.12-22.04.35:845][495]LogVSAccessor:Warning: Couldn't access module table
[2015.12.12-22.04.35:845][495]LogVSAccessor:Warning: Couldn't access module table
[2015.12.12-22.04.35:845][495]LogVSAccessor:Warning: Couldn't access module table
[2015.12.12-22.04.35:845][495]LogVSAccessor:Warning: Couldn't access module table
[2015.12.12-22.04.35:845][495]LogVSAccessor:Warning: Couldn't access module table
[2015.12.12-22.04.35:845][495]LogVSAccessor:Warning: Couldn't access module table
[2015.12.12-22.04.35:845][495]LogVSAccessor:Warning: Couldn't access module table
[2015.12.12-22.04.35:845][495]LogVSAccessor:Warning: Couldn't access module table
[2015.12.12-22.04.35:846][495]LogVSAccessor:Warning: Couldn't access module table
[2015.12.12-22.04.35:846][495]LogVSAccessor:Warning: Couldn't access module table
[2015.12.12-22.04.35:846][495]LogVSAccessor:Warning: Couldn't access module table
[2015.12.12-22.04.35:846][495]LogVSAccessor:Warning: Couldn't access module table
[2015.12.12-22.04.35:846][495]LogVSAccessor:Warning: Couldn't access module table
[2015.12.12-22.04.35:846][495]LogVSAccessor:Warning: Couldn't access module table
[2015.12.12-22.04.35:846][495]LogVSAccessor:Warning: Couldn't access module table
[2015.12.12-22.04.35:846][495]LogVSAccessor:Warning: Couldn't access module table
[2015.12.12-22.04.35:846][495]LogVSAccessor:Warning: Couldn't access module table
[2015.12.12-22.04.35:846][495]LogVSAccessor:Warning: Couldn't access module table
[2015.12.12-22.04.35:846][495]LogVSAccessor:Warning: Couldn't access module table
[2015.12.12-22.04.35:846][495]LogVSAccessor:Warning: Couldn't access module table
[2015.12.12-22.04.35:846][495]LogVSAccessor:Warning: Couldn't access module table
[2015.12.12-22.04.35:846][495]LogVSAccessor:Warning: Couldn't access module table
[2015.12.12-22.04.35:846][495]LogVSAccessor:Warning: Couldn't access module table
[2015.12.12-22.04.35:847][495]LogVSAccessor:Warning: Couldn't access module table
[2015.12.12-22.04.35:847][495]LogVSAccessor:Warning: Couldn't access module table
[2015.12.12-22.04.35:847][495]LogVSAccessor:Warning: Couldn't access module table
[2015.12.12-22.04.35:847][495]LogVSAccessor:Warning: Couldn't access module table
[2015.12.12-22.04.35:847][495]LogVSAccessor:Warning: Couldn't access module table
[2015.12.12-22.04.35:847][495]LogVSAccessor:Warning: Couldn't access module table
[2015.12.12-22.04.35:847][495]LogVSAccessor:Warning: Couldn't access module table
[2015.12.12-22.04.35:848][495]LogVSAccessor:Warning: Couldn't access module table
[2015.12.12-22.04.35:848][495]LogVSAccessor:Warning: Couldn't access module table
[2015.12.12-22.04.35:848][495]LogVSAccessor:Warning: Couldn't access module table
[2015.12.12-22.04.35:848][495]LogVSAccessor:Warning: Couldn't access module table
[2015.12.12-22.04.35:848][495]LogVSAccessor:Warning: Couldn't access module table
[2015.12.12-22.04.35:850][495]LogVSAccessor:Warning: Couldn't access module table
[2015.12.12-22.04.35:850][495]LogVSAccessor:Warning: Couldn't access module table
[2015.12.12-22.04.35:853][495]LogVSAccessor:Warning: Couldn't access module table
[2015.12.12-22.04.35:854][495]LogVSAccessor:Warning: Couldn't access module table
[2015.12.12-22.04.35:855][495]LogVSAccessor:Warning: Couldn't access module table
[2015.12.12-22.04.35:855][495]LogVSAccessor:Warning: Couldn't access module table
[2015.12.12-22.04.35:855][495]LogVSAccessor:Warning: Couldn't access module table
[2015.12.12-22.04.35:855][495]LogVSAccessor:Warning: Couldn't access module table
[2015.12.12-22.04.35:911][495]LogVSAccessor:Warning: Couldn't access module table
[2015.12.12-22.04.35:911][495]LogVSAccessor:Warning: Couldn't access module table
[2015.12.12-22.04.35:911][495]LogVSAccessor:Warning: Couldn't access module table
[2015.12.12-22.06.17:487][168]Cmd: MAP LOAD FILE="../../../Engine/Content/Maps/Templates/Template_Default.umap" TEMPLATE=1 SHOWPROGRESS=1 FEATURELEVEL=3
[2015.12.12-22.06.17:511][168]LightingResults: New page: Lighting Build
[2015.12.12-22.06.17:530][168]LoadErrors: New page: Loading map: Template_Default.umap
[2015.12.12-22.06.17:532][168]MapCheck: New page: Map Check
[2015.12.12-22.06.17:532][168]LightingResults: New page: Lighting Build
[2015.12.12-22.06.17:546][168]LogParticles: Destroying 0 GPU particle simulations for FXSystem 0x0000000012A33600
[2015.12.12-22.06.17:573][168]LogAIModule: Creating AISystem for world Untitled_1
[2015.12.12-22.06.17:586][168]LogEditorServer: Finished looking for orphan Actors (0.000 secs)
[2015.12.12-22.06.17:597][168]Cmd: MAP CHECKDEP NOCLEARLOG
[2015.12.12-22.06.17:643][168]MapCheck: Info Map check complete: 0 Error(s), 0 Warning(s), took 45.62ms to complete.
[2015.12.12-22.06.17:643][168]LogFileHelpers: Loading map 'Template_Default' took 0.157
[2015.12.12-22.06.17:744][172]LogEditorViewport: Clicking on Actor (LMB): StaticMeshActor (Floor)
[2015.12.12-22.06.56:299][460]LogUProjectInfo: Found projects:
[2015.12.12-22.06.57:812][501]Cmd: CLOSE_SLATE_MAINFRAME
[2015.12.12-22.06.57:813][501]LogActorComponent: UnregisterComponent: (/Engine/Transient.MovementComponent0) Not registered. Aborting.
[2015.12.12-22.07.00:105][502]Cmd: QUIT_EDITOR
[2015.12.12-22.07.00:320][502]LogExit: Preparing to exit.
[2015.12.12-22.07.00:655][502]LogExit: Editor shut down
[2015.12.12-22.07.00:655][502]LogExit: Transaction tracking system shut down
[2015.12.12-22.07.00:656][502]LogParticles: Destroying 0 GPU particle simulations for FXSystem 0x000000003E287420
[2015.12.12-22.07.00:656][502]LogParticles: Destroying 0 GPU particle simulations for FXSystem 0x000000003E2876A0
[2015.12.12-22.07.00:657][502]LogParticles: Destroying 0 GPU particle simulations for FXSystem 0x0000000029098220
[2015.12.12-22.07.00:657][502]LogParticles: Destroying 0 GPU particle simulations for FXSystem 0x000000002F49F1A0
[2015.12.12-22.07.00:825][502]LogExit: Object subsystem successfully closed.
[2015.12.12-22.07.00:847][502]LogD3D11RHI: Shutdown
[2015.12.12-22.07.00:847][502]LogD3D11RHI: CleanupD3DDevice
[2015.12.12-22.07.00:929][502]LogD3D11RHI: ~FD3D11DynamicRHI
[2015.12.12-22.07.00:944][502]LogModuleManager: Shutting down and abandoning module NewLevelDialog (200)
[2015.12.12-22.07.00:944][502]LogModuleManager: Shutting down and abandoning module CrashTracker (199)
[2015.12.12-22.07.00:944][502]LogModuleManager: Shutting down and abandoning module SceneOutliner (198)
[2015.12.12-22.07.00:944][502]LogModuleManager: Shutting down and abandoning module SuperSearch (197)
[2015.12.12-22.07.00:944][502]LogModuleManager: Shutting down and abandoning module WidgetCarousel (196)
[2015.12.12-22.07.00:944][502]LogModuleManager: Shutting down and abandoning module AddContentDialog (195)
[2015.12.12-22.07.00:946][502]LogModuleManager: Shutting down and abandoning module EditorWidgets (194)
[2015.12.12-22.07.00:946][502]LogModuleManager: Shutting down and abandoning module CollectionManager (193)
[2015.12.12-22.07.00:946][502]LogModuleManager: Shutting down and abandoning module StatsViewer (192)
[2015.12.12-22.07.00:946][502]LogModuleManager: Shutting down and abandoning module FoliageEdit (191)
[2015.12.12-22.07.00:946][502]LogModuleManager: Shutting down and abandoning module LandscapeEditor (190)
[2015.12.12-22.07.00:946][502]LogModuleManager: Shutting down and abandoning module ActorPickerMode (189)
[2015.12.12-22.07.00:946][502]LogModuleManager: Shutting down and abandoning module GeometryMode (188)
[2015.12.12-22.07.00:946][502]LogModuleManager: Shutting down and abandoning module TextureAlignMode (187)
[2015.12.12-22.07.00:946][502]LogModuleManager: Shutting down and abandoning module BspMode (186)
[2015.12.12-22.07.00:946][502]LogModuleManager: Shutting down and abandoning module PlacementMode (185)
[2015.12.12-22.07.00:946][502]LogModuleManager: Shutting down and abandoning module AutomationWorker (184)
[2015.12.12-22.07.00:946][502]LogModuleManager: Shutting down and abandoning module CharacterAI (183)
[2015.12.12-22.07.00:946][502]LogModuleManager: Shutting down and abandoning module SmartSnapping (182)
[2015.12.12-22.07.00:946][502]LogModuleManager: Shutting down and abandoning module ViewportSnapping (181)
[2015.12.12-22.07.00:946][502]LogModuleManager: Shutting down and abandoning module LogVisualizer (180)
[2015.12.12-22.07.00:946][502]LogModuleManager: Shutting down and abandoning module GameProjectGeneration (179)
[2015.12.12-22.07.00:946][502]LogModuleManager: Shutting down and abandoning module IntroTutorials (178)
[2015.12.12-22.07.00:946][502]LogModuleManager: Shutting down and abandoning module EditorLiveStreaming (177)
[2015.12.12-22.07.00:946][502]LogModuleManager: Shutting down and abandoning module IOSPlatformEditor (176)
[2015.12.12-22.07.00:946][502]LogModuleManager: Shutting down and abandoning module HTML5PlatformEditor (175)
[2015.12.12-22.07.00:946][502]LogModuleManager: Shutting down and abandoning module AndroidDeviceDetection (174)
[2015.12.12-22.07.01:602][502]LogModuleManager: Shutting down and abandoning module AndroidPlatformEditor (173)
[2015.12.12-22.07.01:602][502]LogModuleManager: Shutting down and abandoning module IOSRuntimeSettings (172)
[2015.12.12-22.07.01:602][502]LogModuleManager: Shutting down and abandoning module AndroidRuntimeSettings (171)
[2015.12.12-22.07.01:602][502]LogModuleManager: Shutting down and abandoning module MergeActors (170)
[2015.12.12-22.07.01:602][502]LogModuleManager: Shutting down and abandoning module SizeMap (169)
[2015.12.12-22.07.01:602][502]LogModuleManager: Shutting down and abandoning module TreeMap (168)
[2015.12.12-22.07.01:602][502]LogModuleManager: Shutting down and abandoning module ReferenceViewer (167)
[2015.12.12-22.07.01:602][502]LogModuleManager: Shutting down and abandoning module LocalizationService (166)
[2015.12.12-22.07.01:602][502]LogModuleManager: Shutting down and abandoning module LocalizationDashboard (165)
[2015.12.12-22.07.01:602][502]LogModuleManager: Shutting down and abandoning module HardwareTargeting (164)
[2015.12.12-22.07.01:602][502]LogModuleManager: Shutting down and abandoning module DeviceProfileEditor (163)
[2015.12.12-22.07.01:602][502]LogModuleManager: Shutting down and abandoning module UndoHistory (162)
[2015.12.12-22.07.01:602][502]LogModuleManager: Shutting down and abandoning module GameplayTagsEditor (161)
[2015.12.12-22.07.01:602][502]LogModuleManager: Shutting down and abandoning module UserFeedback (160)
[2015.12.12-22.07.01:602][502]LogModuleManager: Shutting down and abandoning module XmlParser (159)
[2015.12.12-22.07.01:602][502]LogModuleManager: Shutting down and abandoning module Blutility (158)
[2015.12.12-22.07.01:602][502]LogModuleManager: Shutting down and abandoning module ProjectTargetPlatformEditor (157)
[2015.12.12-22.07.01:602][502]LogModuleManager: Shutting down and abandoning module ProjectSettingsViewer (156)
[2015.12.12-22.07.01:603][502]LogModuleManager: Shutting down and abandoning module InputBindingEditor (155)
[2015.12.12-22.07.01:603][502]LogModuleManager: Shutting down and abandoning module EditorSettingsViewer (154)
[2015.12.12-22.07.01:603][502]LogModuleManager: Shutting down and abandoning module SettingsEditor (153)
[2015.12.12-22.07.01:603][502]LogModuleManager: Shutting down and abandoning module ProjectLauncher (152)
[2015.12.12-22.07.01:603][502]LogModuleManager: Shutting down and abandoning module SessionFrontend (151)
[2015.12.12-22.07.01:603][502]LogModuleManager: Shutting down and abandoning module ProfilerClient (150)
[2015.12.12-22.07.01:603][502]LogModuleManager: Shutting down and abandoning module TargetDeviceServices (149)
[2015.12.12-22.07.01:603][502]LogModuleManager: Shutting down and abandoning module DeviceManager (148)
[2015.12.12-22.07.01:603][502]LogModuleManager: Shutting down and abandoning module AutomationController (147)
[2015.12.12-22.07.01:603][502]LogModuleManager: Shutting down and abandoning module AutomationWindow (146)
[2015.12.12-22.07.01:603][502]LogModuleManager: Shutting down and abandoning module Layers (145)
[2015.12.12-22.07.01:603][502]LogModuleManager: Shutting down and abandoning module ComponentVisualizers (144)
[2015.12.12-22.07.01:603][502]LogModuleManager: Shutting down and abandoning module DetailCustomizations (143)
[2015.12.12-22.07.01:603][502]LogModuleManager: Shutting down and abandoning module PackagesDialog (142)
[2015.12.12-22.07.01:604][502]LogModuleManager: Shutting down and abandoning module Persona (141)
[2015.12.12-22.07.01:604][502]LogModuleManager: Shutting down and abandoning module Kismet (140)
[2015.12.12-22.07.01:604][502]LogModuleManager: Shutting down and abandoning module GraphEditor (139)
[2015.12.12-22.07.01:604][502]LogModuleManager: Shutting down and abandoning module ClassViewer (138)
[2015.12.12-22.07.01:606][502]LogModuleManager: Shutting down and abandoning module Toolbox (137)
[2015.12.12-22.07.01:606][502]LogModuleManager: Shutting down and abandoning module ModuleUI (136)
[2015.12.12-22.07.01:606][502]LogModuleManager: Shutting down and abandoning module MovieSceneTools (135)
[2015.12.12-22.07.01:606][502]LogModuleManager: Shutting down and abandoning module OutputLog (134)
[2015.12.12-22.07.01:606][502]LogModuleManager: Shutting down and abandoning module GammaUI (133)
[2015.12.12-22.07.01:606][502]LogModuleManager: Shutting down and abandoning module Documentation (132)
[2015.12.12-22.07.01:606][502]LogModuleManager: Shutting down and abandoning module GameLiveStreaming (131)
[2015.12.12-22.07.01:606][502]LogModuleManager: Shutting down and abandoning module StreamingPauseRendering (130)
[2015.12.12-22.07.01:606][502]LogModuleManager: Shutting down and abandoning module AnalyticsET (129)
[2015.12.12-22.07.01:606][502]LogModuleManager: Shutting down and abandoning module Analytics (128)
[2015.12.12-22.07.01:606][502]LogModuleManager: Shutting down and abandoning module AITestSuite (127)
[2015.12.12-22.07.01:606][502]LogModuleManager: Shutting down and abandoning module GameplayDebugger (126)
[2015.12.12-22.07.01:606][502]LogModuleManager: Shutting down and abandoning module AIModule (125)
[2015.12.12-22.07.01:606][502]LogModuleManager: Shutting down and abandoning module ProfilerService (124)
[2015.12.12-22.07.01:715][502]LogModuleManager: Shutting down and abandoning module TaskGraph (123)
[2015.12.12-22.07.01:715][502]LogModuleManager: Shutting down and abandoning module SlateRemote (122)
[2015.12.12-22.07.01:715][502]LogModuleManager: Shutting down and abandoning module SteamVRController (121)
[2015.12.12-22.07.01:715][502]LogModuleManager: Shutting down and abandoning module SteamVR (120)
[2015.12.12-22.07.01:715][502]LogModuleManager: Shutting down and abandoning module ProceduralMeshComponent (119)
[2015.12.12-22.07.01:715][502]LogModuleManager: Shutting down and abandoning module OculusLibrary (118)
[2015.12.12-22.07.01:715][502]LogModuleManager: Shutting down and abandoning module OculusInput (117)
[2015.12.12-22.07.01:715][502]LogModuleManager: Shutting down and abandoning module LeapMotionController (116)
[2015.12.12-22.07.01:724][502]LogModuleManager: Shutting down and abandoning module CustomMeshComponent (115)
[2015.12.12-22.07.01:724][502]LogModuleManager: Shutting down and abandoning module CableComponent (114)
[2015.12.12-22.07.01:724][502]LogModuleManager: Shutting down and abandoning module ArchVisCharacter (113)
[2015.12.12-22.07.01:724][502]LogModuleManager: Shutting down and abandoning module MessagingDebugger (112)
[2015.12.12-22.07.01:724][502]LogModuleManager: Shutting down and abandoning module MediaPlayerEditor (111)
[2015.12.12-22.07.01:724][502]LogModuleManager: Shutting down and abandoning module HTML5Networking (110)
[2015.12.12-22.07.01:724][502]LogModuleManager: Shutting down and abandoning module SpeedTreeImporter (109)
[2015.12.12-22.07.01:724][502]LogModuleManager: Shutting down and abandoning module PluginBrowser (108)
[2015.12.12-22.07.01:724][502]LogModuleManager: Shutting down and abandoning module EpicSurvey (107)
[2015.12.12-22.07.01:724][502]LogModuleManager: Shutting down and abandoning module VisualStudioSourceCodeAccess (106)
[2015.12.12-22.07.01:724][502]LogModuleManager: Shutting down and abandoning module UObjectPlugin (105)
[2015.12.12-22.07.01:724][502]LogModuleManager: Shutting down and abandoning module SubversionSourceControl (104)
[2015.12.12-22.07.01:724][502]LogModuleManager: Shutting down and abandoning module PerforceSourceControl (103)
[2015.12.12-22.07.01:724][502]LogModuleManager: Shutting down and abandoning module SourceControl (102)
[2015.12.12-22.07.01:724][502]LogModuleManager: Shutting down and abandoning module GitSourceControl (101)
[2015.12.12-22.07.01:724][502]LogModuleManager: Shutting down and abandoning module LightPropagationVolumeEditor (100)
[2015.12.12-22.07.01:724][502]LogModuleManager: Shutting down and abandoning module PaperTiledImporter (99)
[2015.12.12-22.07.01:724][502]LogModuleManager: Shutting down and abandoning module PaperSpriteSheetImporter (98)
[2015.12.12-22.07.01:724][502]LogModuleManager: Shutting down and abandoning module MeshPaint (97)
[2015.12.12-22.07.01:724][502]LogModuleManager: Shutting down and abandoning module SlateReflector (96)
[2015.12.12-22.07.01:724][502]LogModuleManager: Shutting down and abandoning module HotReload (95)
[2015.12.12-22.07.01:725][502]LogModuleManager: Shutting down and abandoning module MainFrame (94)
[2015.12.12-22.07.01:725][502]LogModuleManager: Shutting down and abandoning module LevelEditor (93)
[2015.12.12-22.07.01:726][502]LogModuleManager: Shutting down and abandoning module DirectoryWatcher (92)
[2015.12.12-22.07.01:727][502]LogModuleManager: Shutting down and abandoning module AssetRegistry (91)
[2015.12.12-22.07.01:835][502]LogModuleManager: Shutting down and abandoning module ContentBrowser (90)
[2015.12.12-22.07.01:835][502]LogModuleManager: Shutting down and abandoning module Paper2DEditor (89)
[2015.12.12-22.07.01:835][502]LogModuleManager: Shutting down and abandoning module InconsistentJam_game (88)
[2015.12.12-22.07.01:835][502]LogModuleManager: Shutting down and abandoning module UdpMessaging (87)
[2015.12.12-22.07.01:936][502]LogModuleManager: Shutting down and abandoning module LightPropagationVolumeRuntime (86)
[2015.12.12-22.07.01:936][502]LogModuleManager: Shutting down and abandoning module Paper2D (85)
[2015.12.12-22.07.01:936][502]LogModuleManager: Shutting down and abandoning module WindowsMoviePlayer (84)
[2015.12.12-22.07.01:940][502]LogModuleManager: Shutting down and abandoning module Media (83)
[2015.12.12-22.07.01:940][502]LogModuleManager: Shutting down and abandoning module WmfMedia (82)
[2015.12.12-22.07.01:940][502]LogModuleManager: Shutting down and abandoning module OnlineBlueprintSupport (81)
[2015.12.12-22.07.01:940][502]LogModuleManager: Shutting down and abandoning module GameplayTasksEditor (80)
[2015.12.12-22.07.01:940][502]LogModuleManager: Shutting down and abandoning module PropertyEditor (79)
[2015.12.12-22.07.01:940][502]LogModuleManager: Shutting down and abandoning module BehaviorTreeEditor (78)
[2015.12.12-22.07.01:940][502]LogModuleManager: Shutting down and abandoning module FunctionalTesting (77)
[2015.12.12-22.07.01:940][502]LogModuleManager: Shutting down and abandoning module CollisionAnalyzer (76)
[2015.12.12-22.07.01:940][502]LogModuleManager: Shutting down and abandoning module WorkspaceMenuStructure (75)
[2015.12.12-22.07.01:941][502]LogModuleManager: Shutting down and abandoning module MessageLog (74)
[2015.12.12-22.07.01:941][502]LogModuleManager: Shutting down and abandoning module Sequencer (73)
[2015.12.12-22.07.01:941][502]LogModuleManager: Shutting down and abandoning module AssetTools (72)
[2015.12.12-22.07.01:941][502]LogModuleManager: Shutting down and abandoning module UMGEditor (71)
[2015.12.12-22.07.01:941][502]LogModuleManager: Shutting down and abandoning module UMG (70)
[2015.12.12-22.07.01:941][502]LogModuleManager: Shutting down and abandoning module Slate (69)
[2015.12.12-22.07.01:941][502]LogModuleManager: Shutting down and abandoning module EditorStyle (68)
[2015.12.12-22.07.01:943][502]LogModuleManager: Shutting down and abandoning module SessionServices (67)
[2015.12.12-22.07.01:943][502]LogModuleManager: Shutting down and abandoning module SourceCodeAccess (66)
[2015.12.12-22.07.01:943][502]LogModuleManager: Shutting down and abandoning module HeadMountedDisplay (65)
[2015.12.12-22.07.01:943][502]LogModuleManager: Shutting down and abandoning module XAudio2 (64)
[2015.12.12-22.07.01:943][502]LogModuleManager: Shutting down and abandoning module Networking (62)
[2015.12.12-22.07.01:943][502]LogModuleManager: Shutting down and abandoning module Core (61)
[2015.12.12-22.07.01:943][502]LogModuleManager: Shutting down and abandoning module KismetCompiler (60)
[2015.12.12-22.07.01:943][502]LogModuleManager: Shutting down and abandoning module PhysXFormats (59)
[2015.12.12-22.07.01:943][502]LogModuleManager: Shutting down and abandoning module MeshUtilities (58)
[2015.12.12-22.07.01:943][502]LogModuleManager: Shutting down and abandoning module DerivedDataCache (57)
[2015.12.12-22.07.02:019][502]LogDerivedDataCache: Shutdown
[2015.12.12-22.07.02:019][502]LogModuleManager: Shutting down and abandoning module ShaderFormatOpenGL (56)
[2015.12.12-22.07.02:019][502]LogModuleManager: Shutting down and abandoning module ShaderFormatD3D (55)
[2015.12.12-22.07.02:019][502]LogModuleManager: Shutting down and abandoning module MetalShaderFormat (54)
[2015.12.12-22.07.02:019][502]LogModuleManager: Shutting down and abandoning module TextureFormatUncompressed (53)
[2015.12.12-22.07.02:019][502]LogModuleManager: Shutting down and abandoning module TextureFormatPVR (52)
[2015.12.12-22.07.02:019][502]LogModuleManager: Shutting down and abandoning module TextureFormatIntelISPCTexComp (51)
[2015.12.12-22.07.02:019][502]LogModuleManager: Shutting down and abandoning module TextureFormatDXT (50)
[2015.12.12-22.07.02:019][502]LogModuleManager: Shutting down and abandoning module ImageWrapper (49)
[2015.12.12-22.07.02:019][502]LogModuleManager: Shutting down and abandoning module TextureFormatASTC (48)
[2015.12.12-22.07.02:019][502]LogModuleManager: Shutting down and abandoning module TextureFormatAndroid (47)
[2015.12.12-22.07.02:019][502]LogModuleManager: Shutting down and abandoning module AudioFormatOpus (46)
[2015.12.12-22.07.02:019][502]LogModuleManager: Shutting down and abandoning module AudioFormatOgg (45)
[2015.12.12-22.07.02:019][502]LogModuleManager: Shutting down and abandoning module AudioFormatADPCM (44)
[2015.12.12-22.07.02:019][502]LogModuleManager: Shutting down and abandoning module LinuxTargetPlatform (43)
[2015.12.12-22.07.02:019][502]LogModuleManager: Shutting down and abandoning module LinuxServerTargetPlatform (42)
[2015.12.12-22.07.02:019][502]LogModuleManager: Shutting down and abandoning module LinuxNoEditorTargetPlatform (41)
[2015.12.12-22.07.02:019][502]LogModuleManager: Shutting down and abandoning module Messaging (40)
[2015.12.12-22.07.02:019][502]LogModuleManager: Shutting down and abandoning module IOSTargetPlatform (39)
[2015.12.12-22.07.02:019][502]LogModuleManager: Shutting down and abandoning module HTML5TargetPlatform (38)
[2015.12.12-22.07.02:020][502]LogModuleManager: Shutting down and abandoning module Android_PVRTCTargetPlatform (37)
[2015.12.12-22.07.02:020][502]LogModuleManager: Shutting down and abandoning module Android_MultiTargetPlatform (36)
[2015.12.12-22.07.02:020][502]LogModuleManager: Shutting down and abandoning module Android_ETC2TargetPlatform (35)
[2015.12.12-22.07.02:020][502]LogModuleManager: Shutting down and abandoning module Android_ETC1TargetPlatform (34)
[2015.12.12-22.07.02:020][502]LogModuleManager: Shutting down and abandoning module Android_DXTTargetPlatform (33)
[2015.12.12-22.07.02:020][502]LogModuleManager: Shutting down and abandoning module Android_ATCTargetPlatform (32)
[2015.12.12-22.07.02:020][502]LogModuleManager: Shutting down and abandoning module Android_ASTCTargetPlatform (31)
[2015.12.12-22.07.02:020][502]LogModuleManager: Shutting down and abandoning module AndroidTargetPlatform (30)
[2015.12.12-22.07.02:020][502]LogModuleManager: Shutting down and abandoning module WindowsTargetPlatform (29)
[2015.12.12-22.07.02:020][502]LogModuleManager: Shutting down and abandoning module WindowsServerTargetPlatform (28)
[2015.12.12-22.07.02:020][502]LogModuleManager: Shutting down and abandoning module WindowsNoEditorTargetPlatform (27)
[2015.12.12-22.07.02:020][502]LogModuleManager: Shutting down and abandoning module WindowsClientTargetPlatform (26)
[2015.12.12-22.07.02:020][502]LogModuleManager: Shutting down and abandoning module AllDesktopTargetPlatform (25)
[2015.12.12-22.07.02:020][502]LogModuleManager: Shutting down and abandoning module TargetPlatform (24)
[2015.12.12-22.07.02:020][502]LogModuleManager: Shutting down and abandoning module InputCore (23)
[2015.12.12-22.07.02:020][502]LogModuleManager: Shutting down and abandoning module Settings (22)
[2015.12.12-22.07.02:020][502]LogModuleManager: Shutting down and abandoning module OnlineSubsystem (20)
[2015.12.12-22.07.02:020][502]LogModuleManager: Shutting down and abandoning module HTTP (19)
[2015.12.12-22.07.03:020][502]LogModuleManager: Shutting down and abandoning module XMPP (18)
[2015.12.12-22.07.03:020][502]LogModuleManager: Shutting down and abandoning module OculusRift (17)
[2015.12.12-22.07.03:020][502]LogModuleManager: Shutting down and abandoning module ExampleDeviceProfileSelector (16)
[2015.12.12-22.07.03:020][502]LogModuleManager: Shutting down and abandoning module DesktopPlatform (15)
[2015.12.12-22.07.03:020][502]LogModuleManager: Shutting down and abandoning module TextureCompressor (14)
[2015.12.12-22.07.03:020][502]LogModuleManager: Shutting down and abandoning module ShaderCore (13)
[2015.12.12-22.07.03:020][502]LogModuleManager: Shutting down and abandoning module Landscape (12)
[2015.12.12-22.07.03:020][502]LogModuleManager: Shutting down and abandoning module SlateRHIRenderer (11)
[2015.12.12-22.07.03:021][502]LogModuleManager: Shutting down and abandoning module OpenGLDrv (10)
[2015.12.12-22.07.03:021][502]LogModuleManager: Shutting down and abandoning module D3D11RHI (9)
[2015.12.12-22.07.03:021][502]LogModuleManager: Shutting down and abandoning module AnimGraphRuntime (8)
[2015.12.12-22.07.03:021][502]LogModuleManager: Shutting down and abandoning module Renderer (7)
[2015.12.12-22.07.03:021][502]LogModuleManager: Shutting down and abandoning module Engine (6)
[2015.12.12-22.07.03:021][502]LogModuleManager: Shutting down and abandoning module CoreUObject (5)
[2015.12.12-22.07.03:021][502]LogModuleManager: Shutting down and abandoning module NetworkFile (4)
[2015.12.12-22.07.03:021][502]LogModuleManager: Shutting down and abandoning module StreamingFile (3)
[2015.12.12-22.07.03:021][502]LogModuleManager: Shutting down and abandoning module SandboxFile (2)
[2015.12.12-22.07.03:021][502]LogModuleManager: Shutting down and abandoning module PakFile (1)
[2015.12.12-22.07.03:023][502]LogExit: Exiting.
[2015.12.12-22.07.03:024][502]Log file closed, 12/12/15 17:07:03
